2022-01-24 22:32:08.733[1643059928733] | INFO  | main       | c.l.b.BinanceTraderBotApplication    - Starting BinanceTraderBotApplication using Java 11.0.6 on Hermes with PID 82854 (/Users/luczsoma/Projects/binance-trader-bot/target/classes started by luczsoma in /Users/luczsoma/Projects/binance-trader-bot)
2022-01-24 22:32:08.735[1643059928735] | DEBUG | main       | c.l.b.BinanceTraderBotApplication    - Running with Spring Boot v2.6.2, Spring v5.3.14
2022-01-24 22:32:08.736[1643059928736] | INFO  | main       | c.l.b.BinanceTraderBotApplication    - No active profile set, falling back to default profiles: default
2022-01-24 22:32:11.536[1643059931536] | WARN  | main       | o.s.b.a.t.ThymeleafAutoConfiguration$DefaultTemplateResolverConfiguration - Cannot find template location: classpath:/templates/ (please add some templates or check your Thymeleaf configuration)
2022-01-24 22:32:11.614[1643059931614] | INFO  | main       | c.l.b.BinanceTraderBotApplication    - Started BinanceTraderBotApplication in 3.291 seconds (JVM running for 3.84)
2022-01-24 22:32:12.605[1643059932605] | DEBUG | OkHttp https://testnet.binance.vision/... | c.l.b.s.BuyOnPercentageDecreaseInTimeframeAndSetLimitOrderStrategy - latestPrice = 36919.94000000
2022-01-24 22:32:12.608[1643059932608] | DEBUG | OkHttp https://testnet.binance.vision/... | c.l.b.s.BuyOnPercentageDecreaseInTimeframeAndSetLimitOrderStrategy - maxPrice = 36919.94000000
2022-01-24 22:32:12.608[1643059932608] | DEBUG | OkHttp https://testnet.binance.vision/... | c.l.b.s.BuyOnPercentageDecreaseInTimeframeAndSetLimitOrderStrategy - priceDecreasePercentage = 0.00000000
2022-01-24 22:32:12.609[1643059932609] | DEBUG | OkHttp https://testnet.binance.vision/... | c.l.b.s.BuyOnPercentageDecreaseInTimeframeAndSetLimitOrderStrategy - shouldBuy = false
2022-01-24 22:32:12.623[1643059932623] | DEBUG | OkHttp https://testnet.binance.vision/... | c.l.b.s.BuyOnPercentageDecreaseInTimeframeAndSetLimitOrderStrategy - latestPrice = 36920.00000000
2022-01-24 22:32:12.623[1643059932623] | DEBUG | OkHttp https://testnet.binance.vision/... | c.l.b.s.BuyOnPercentageDecreaseInTimeframeAndSetLimitOrderStrategy - maxPrice = 36920.00000000
2022-01-24 22:32:12.623[1643059932623] | DEBUG | OkHttp https://testnet.binance.vision/... | c.l.b.s.BuyOnPercentageDecreaseInTimeframeAndSetLimitOrderStrategy - priceDecreasePercentage = 0.00000000
2022-01-24 22:32:12.623[1643059932623] | DEBUG | OkHttp https://testnet.binance.vision/... | c.l.b.s.BuyOnPercentageDecreaseInTimeframeAndSetLimitOrderStrategy - shouldBuy = false
2022-01-24 22:32:12.632[1643059932632] | DEBUG | OkHttp https://testnet.binance.vision/... | c.l.b.s.BuyOnPercentageDecreaseInTimeframeAndSetLimitOrderStrategy - latestPrice = 36920.00000000
2022-01-24 22:32:12.632[1643059932632] | DEBUG | OkHttp https://testnet.binance.vision/... | c.l.b.s.BuyOnPercentageDecreaseInTimeframeAndSetLimitOrderStrategy - maxPrice = 36920.00000000
2022-01-24 22:32:12.633[1643059932633] | DEBUG | OkHttp https://testnet.binance.vision/... | c.l.b.s.BuyOnPercentageDecreaseInTimeframeAndSetLimitOrderStrategy - priceDecreasePercentage = 0.00000000
2022-01-24 22:32:12.633[1643059932633] | DEBUG | OkHttp https://testnet.binance.vision/... | c.l.b.s.BuyOnPercentageDecreaseInTimeframeAndSetLimitOrderStrategy - shouldBuy = false
2022-01-24 22:32:12.667[1643059932667] | DEBUG | OkHttp https://testnet.binance.vision/... | c.l.b.s.BuyOnPercentageDecreaseInTimeframeAndSetLimitOrderStrategy - latestPrice = 36920.04000000
2022-01-24 22:32:12.668[1643059932668] | DEBUG | OkHttp https://testnet.binance.vision/... | c.l.b.s.BuyOnPercentageDecreaseInTimeframeAndSetLimitOrderStrategy - maxPrice = 36920.04000000
2022-01-24 22:32:12.668[1643059932668] | DEBUG | OkHttp https://testnet.binance.vision/... | c.l.b.s.BuyOnPercentageDecreaseInTimeframeAndSetLimitOrderStrategy - priceDecreasePercentage = 0.00000000
2022-01-24 22:32:12.668[1643059932668] | DEBUG | OkHttp https://testnet.binance.vision/... | c.l.b.s.BuyOnPercentageDecreaseInTimeframeAndSetLimitOrderStrategy - shouldBuy = false
2022-01-24 22:32:12.668[1643059932668] | DEBUG | OkHttp https://testnet.binance.vision/... | c.l.b.s.BuyOnPercentageDecreaseInTimeframeAndSetLimitOrderStrategy - latestPrice = 36920.26000000
2022-01-24 22:32:12.668[1643059932668] | DEBUG | OkHttp https://testnet.binance.vision/... | c.l.b.s.BuyOnPercentageDecreaseInTimeframeAndSetLimitOrderStrategy - maxPrice = 36920.26000000
2022-01-24 22:32:12.668[1643059932668] | DEBUG | OkHttp https://testnet.binance.vision/... | c.l.b.s.BuyOnPercentageDecreaseInTimeframeAndSetLimitOrderStrategy - priceDecreasePercentage = 0.00000000
2022-01-24 22:32:12.668[1643059932668] | DEBUG | OkHttp https://testnet.binance.vision/... | c.l.b.s.BuyOnPercentageDecreaseInTimeframeAndSetLimitOrderStrategy - shouldBuy = false
2022-01-24 22:32:12.674[1643059932674] | DEBUG | OkHttp https://testnet.binance.vision/... | c.l.b.s.BuyOnPercentageDecreaseInTimeframeAndSetLimitOrderStrategy - latestPrice = 36923.37000000
2022-01-24 22:32:12.675[1643059932675] | DEBUG | OkHttp https://testnet.binance.vision/... | c.l.b.s.BuyOnPercentageDecreaseInTimeframeAndSetLimitOrderStrategy - maxPrice = 36923.37000000
2022-01-24 22:32:12.675[1643059932675] | DEBUG | OkHttp https://testnet.binance.vision/... | c.l.b.s.BuyOnPercentageDecreaseInTimeframeAndSetLimitOrderStrategy - priceDecreasePercentage = 0.00000000
2022-01-24 22:32:12.675[1643059932675] | DEBUG | OkHttp https://testnet.binance.vision/... | c.l.b.s.BuyOnPercentageDecreaseInTimeframeAndSetLimitOrderStrategy - shouldBuy = false
2022-01-24 22:32:12.685[1643059932685] | DEBUG | OkHttp https://testnet.binance.vision/... | c.l.b.s.BuyOnPercentageDecreaseInTimeframeAndSetLimitOrderStrategy - latestPrice = 36922.38000000
2022-01-24 22:32:12.685[1643059932685] | DEBUG | OkHttp https://testnet.binance.vision/... | c.l.b.s.BuyOnPercentageDecreaseInTimeframeAndSetLimitOrderStrategy - maxPrice = 36923.37000000
2022-01-24 22:32:12.686[1643059932686] | DEBUG | OkHttp https://testnet.binance.vision/... | c.l.b.s.BuyOnPercentageDecreaseInTimeframeAndSetLimitOrderStrategy - priceDecreasePercentage = 0.00002681
2022-01-24 22:32:12.686[1643059932686] | DEBUG | OkHttp https://testnet.binance.vision/... | c.l.b.s.BuyOnPercentageDecreaseInTimeframeAndSetLimitOrderStrategy - shouldBuy = false
2022-01-24 22:32:13.724[1643059933724] | DEBUG | OkHttp https://testnet.binance.vision/... | c.l.b.s.BuyOnPercentageDecreaseInTimeframeAndSetLimitOrderStrategy - latestPrice = 36922.38000000
2022-01-24 22:32:13.724[1643059933724] | DEBUG | OkHttp https://testnet.binance.vision/... | c.l.b.s.BuyOnPercentageDecreaseInTimeframeAndSetLimitOrderStrategy - maxPrice = 36923.37000000
2022-01-24 22:32:13.724[1643059933724] | DEBUG | OkHttp https://testnet.binance.vision/... | c.l.b.s.BuyOnPercentageDecreaseInTimeframeAndSetLimitOrderStrategy - priceDecreasePercentage = 0.00002681
2022-01-24 22:32:13.724[1643059933724] | DEBUG | OkHttp https://testnet.binance.vision/... | c.l.b.s.BuyOnPercentageDecreaseInTimeframeAndSetLimitOrderStrategy - shouldBuy = false
2022-01-24 22:32:13.725[1643059933725] | DEBUG | OkHttp https://testnet.binance.vision/... | c.l.b.s.BuyOnPercentageDecreaseInTimeframeAndSetLimitOrderStrategy - latestPrice = 36924.85000000
2022-01-24 22:32:13.725[1643059933725] | DEBUG | OkHttp https://testnet.binance.vision/... | c.l.b.s.BuyOnPercentageDecreaseInTimeframeAndSetLimitOrderStrategy - maxPrice = 36924.85000000
2022-01-24 22:32:13.725[1643059933725] | DEBUG | OkHttp https://testnet.binance.vision/... | c.l.b.s.BuyOnPercentageDecreaseInTimeframeAndSetLimitOrderStrategy - priceDecreasePercentage = 0.00000000
2022-01-24 22:32:13.725[1643059933725] | DEBUG | OkHttp https://testnet.binance.vision/... | c.l.b.s.BuyOnPercentageDecreaseInTimeframeAndSetLimitOrderStrategy - shouldBuy = false
2022-01-24 22:32:13.726[1643059933726] | DEBUG | OkHttp https://testnet.binance.vision/... | c.l.b.s.BuyOnPercentageDecreaseInTimeframeAndSetLimitOrderStrategy - latestPrice = 36926.80000000
2022-01-24 22:32:13.726[1643059933726] | DEBUG | OkHttp https://testnet.binance.vision/... | c.l.b.s.BuyOnPercentageDecreaseInTimeframeAndSetLimitOrderStrategy - maxPrice = 36926.80000000
2022-01-24 22:32:13.726[1643059933726] | DEBUG | OkHttp https://testnet.binance.vision/... | c.l.b.s.BuyOnPercentageDecreaseInTimeframeAndSetLimitOrderStrategy - priceDecreasePercentage = 0.00000000
2022-01-24 22:32:13.726[1643059933726] | DEBUG | OkHttp https://testnet.binance.vision/... | c.l.b.s.BuyOnPercentageDecreaseInTimeframeAndSetLimitOrderStrategy - shouldBuy = false
2022-01-24 22:32:13.727[1643059933727] | DEBUG | OkHttp https://testnet.binance.vision/... | c.l.b.s.BuyOnPercentageDecreaseInTimeframeAndSetLimitOrderStrategy - latestPrice = 36946.32000000
2022-01-24 22:32:13.727[1643059933727] | DEBUG | OkHttp https://testnet.binance.vision/... | c.l.b.s.BuyOnPercentageDecreaseInTimeframeAndSetLimitOrderStrategy - maxPrice = 36946.32000000
2022-01-24 22:32:13.727[1643059933727] | DEBUG | OkHttp https://testnet.binance.vision/... | c.l.b.s.BuyOnPercentageDecreaseInTimeframeAndSetLimitOrderStrategy - priceDecreasePercentage = 0.00000000
2022-01-24 22:32:13.727[1643059933727] | DEBUG | OkHttp https://testnet.binance.vision/... | c.l.b.s.BuyOnPercentageDecreaseInTimeframeAndSetLimitOrderStrategy - shouldBuy = false
2022-01-24 22:32:13.728[1643059933728] | DEBUG | OkHttp https://testnet.binance.vision/... | c.l.b.s.BuyOnPercentageDecreaseInTimeframeAndSetLimitOrderStrategy - latestPrice = 36935.38000000
2022-01-24 22:32:13.728[1643059933728] | DEBUG | OkHttp https://testnet.binance.vision/... | c.l.b.s.BuyOnPercentageDecreaseInTimeframeAndSetLimitOrderStrategy - maxPrice = 36946.32000000
2022-01-24 22:32:13.728[1643059933728] | DEBUG | OkHttp https://testnet.binance.vision/... | c.l.b.s.BuyOnPercentageDecreaseInTimeframeAndSetLimitOrderStrategy - priceDecreasePercentage = 0.00029611
2022-01-24 22:32:13.728[1643059933728] | DEBUG | OkHttp https://testnet.binance.vision/... | c.l.b.s.BuyOnPercentageDecreaseInTimeframeAndSetLimitOrderStrategy - shouldBuy = false
2022-01-24 22:32:14.627[1643059934627] | DEBUG | OkHttp https://testnet.binance.vision/... | c.l.b.s.BuyOnPercentageDecreaseInTimeframeAndSetLimitOrderStrategy - latestPrice = 36935.38000000
2022-01-24 22:32:14.627[1643059934627] | DEBUG | OkHttp https://testnet.binance.vision/... | c.l.b.s.BuyOnPercentageDecreaseInTimeframeAndSetLimitOrderStrategy - maxPrice = 36946.32000000
2022-01-24 22:32:14.627[1643059934627] | DEBUG | OkHttp https://testnet.binance.vision/... | c.l.b.s.BuyOnPercentageDecreaseInTimeframeAndSetLimitOrderStrategy - priceDecreasePercentage = 0.00029611
2022-01-24 22:32:14.627[1643059934627] | DEBUG | OkHttp https://testnet.binance.vision/... | c.l.b.s.BuyOnPercentageDecreaseInTimeframeAndSetLimitOrderStrategy - shouldBuy = false
2022-01-24 22:32:14.628[1643059934628] | DEBUG | OkHttp https://testnet.binance.vision/... | c.l.b.s.BuyOnPercentageDecreaseInTimeframeAndSetLimitOrderStrategy - latestPrice = 36937.97000000
2022-01-24 22:32:14.628[1643059934628] | DEBUG | OkHttp https://testnet.binance.vision/... | c.l.b.s.BuyOnPercentageDecreaseInTimeframeAndSetLimitOrderStrategy - maxPrice = 36946.32000000
2022-01-24 22:32:14.628[1643059934628] | DEBUG | OkHttp https://testnet.binance.vision/... | c.l.b.s.BuyOnPercentageDecreaseInTimeframeAndSetLimitOrderStrategy - priceDecreasePercentage = 0.00022600
2022-01-24 22:32:14.628[1643059934628] | DEBUG | OkHttp https://testnet.binance.vision/... | c.l.b.s.BuyOnPercentageDecreaseInTimeframeAndSetLimitOrderStrategy - shouldBuy = false
2022-01-24 22:32:14.656[1643059934656] | DEBUG | OkHttp https://testnet.binance.vision/... | c.l.b.s.BuyOnPercentageDecreaseInTimeframeAndSetLimitOrderStrategy - latestPrice = 36946.32000000
2022-01-24 22:32:14.657[1643059934657] | DEBUG | OkHttp https://testnet.binance.vision/... | c.l.b.s.BuyOnPercentageDecreaseInTimeframeAndSetLimitOrderStrategy - maxPrice = 36946.32000000
2022-01-24 22:32:14.657[1643059934657] | DEBUG | OkHttp https://testnet.binance.vision/... | c.l.b.s.BuyOnPercentageDecreaseInTimeframeAndSetLimitOrderStrategy - priceDecreasePercentage = 0.00000000
2022-01-24 22:32:14.657[1643059934657] | DEBUG | OkHttp https://testnet.binance.vision/... | c.l.b.s.BuyOnPercentageDecreaseInTimeframeAndSetLimitOrderStrategy - shouldBuy = false
2022-01-24 22:32:15.631[1643059935631] | DEBUG | OkHttp https://testnet.binance.vision/... | c.l.b.s.BuyOnPercentageDecreaseInTimeframeAndSetLimitOrderStrategy - latestPrice = 36946.32000000
2022-01-24 22:32:15.631[1643059935631] | DEBUG | OkHttp https://testnet.binance.vision/... | c.l.b.s.BuyOnPercentageDecreaseInTimeframeAndSetLimitOrderStrategy - maxPrice = 36946.32000000
2022-01-24 22:32:15.631[1643059935631] | DEBUG | OkHttp https://testnet.binance.vision/... | c.l.b.s.BuyOnPercentageDecreaseInTimeframeAndSetLimitOrderStrategy - priceDecreasePercentage = 0.00000000
2022-01-24 22:32:15.632[1643059935632] | DEBUG | OkHttp https://testnet.binance.vision/... | c.l.b.s.BuyOnPercentageDecreaseInTimeframeAndSetLimitOrderStrategy - shouldBuy = false
2022-01-24 22:32:15.633[1643059935633] | DEBUG | OkHttp https://testnet.binance.vision/... | c.l.b.s.BuyOnPercentageDecreaseInTimeframeAndSetLimitOrderStrategy - latestPrice = 36946.66000000
2022-01-24 22:32:15.633[1643059935633] | DEBUG | OkHttp https://testnet.binance.vision/... | c.l.b.s.BuyOnPercentageDecreaseInTimeframeAndSetLimitOrderStrategy - maxPrice = 36946.66000000
2022-01-24 22:32:15.633[1643059935633] | DEBUG | OkHttp https://testnet.binance.vision/... | c.l.b.s.BuyOnPercentageDecreaseInTimeframeAndSetLimitOrderStrategy - priceDecreasePercentage = 0.00000000
2022-01-24 22:32:15.633[1643059935633] | DEBUG | OkHttp https://testnet.binance.vision/... | c.l.b.s.BuyOnPercentageDecreaseInTimeframeAndSetLimitOrderStrategy - shouldBuy = false
2022-01-24 22:32:15.660[1643059935660] | DEBUG | OkHttp https://testnet.binance.vision/... | c.l.b.s.BuyOnPercentageDecreaseInTimeframeAndSetLimitOrderStrategy - latestPrice = 36946.71000000
2022-01-24 22:32:15.660[1643059935660] | DEBUG | OkHttp https://testnet.binance.vision/... | c.l.b.s.BuyOnPercentageDecreaseInTimeframeAndSetLimitOrderStrategy - maxPrice = 36946.71000000
2022-01-24 22:32:15.660[1643059935660] | DEBUG | OkHttp https://testnet.binance.vision/... | c.l.b.s.BuyOnPercentageDecreaseInTimeframeAndSetLimitOrderStrategy - priceDecreasePercentage = 0.00000000
2022-01-24 22:32:15.660[1643059935660] | DEBUG | OkHttp https://testnet.binance.vision/... | c.l.b.s.BuyOnPercentageDecreaseInTimeframeAndSetLimitOrderStrategy - shouldBuy = false
2022-01-24 22:32:15.668[1643059935668] | DEBUG | OkHttp https://testnet.binance.vision/... | c.l.b.s.BuyOnPercentageDecreaseInTimeframeAndSetLimitOrderStrategy - latestPrice = 36951.20000000
2022-01-24 22:32:15.668[1643059935668] | DEBUG | OkHttp https://testnet.binance.vision/... | c.l.b.s.BuyOnPercentageDecreaseInTimeframeAndSetLimitOrderStrategy - maxPrice = 36951.20000000
2022-01-24 22:32:15.668[1643059935668] | DEBUG | OkHttp https://testnet.binance.vision/... | c.l.b.s.BuyOnPercentageDecreaseInTimeframeAndSetLimitOrderStrategy - priceDecreasePercentage = 0.00000000
2022-01-24 22:32:15.668[1643059935668] | DEBUG | OkHttp https://testnet.binance.vision/... | c.l.b.s.BuyOnPercentageDecreaseInTimeframeAndSetLimitOrderStrategy - shouldBuy = false
2022-01-24 22:32:15.681[1643059935681] | DEBUG | OkHttp https://testnet.binance.vision/... | c.l.b.s.BuyOnPercentageDecreaseInTimeframeAndSetLimitOrderStrategy - latestPrice = 36949.99000000
2022-01-24 22:32:15.682[1643059935682] | DEBUG | OkHttp https://testnet.binance.vision/... | c.l.b.s.BuyOnPercentageDecreaseInTimeframeAndSetLimitOrderStrategy - maxPrice = 36951.20000000
2022-01-24 22:32:15.682[1643059935682] | DEBUG | OkHttp https://testnet.binance.vision/... | c.l.b.s.BuyOnPercentageDecreaseInTimeframeAndSetLimitOrderStrategy - priceDecreasePercentage = 0.00003275
2022-01-24 22:32:15.682[1643059935682] | DEBUG | OkHttp https://testnet.binance.vision/... | c.l.b.s.BuyOnPercentageDecreaseInTimeframeAndSetLimitOrderStrategy - shouldBuy = false
2022-01-24 22:32:16.634[1643059936634] | DEBUG | OkHttp https://testnet.binance.vision/... | c.l.b.s.BuyOnPercentageDecreaseInTimeframeAndSetLimitOrderStrategy - latestPrice = 36949.99000000
2022-01-24 22:32:16.635[1643059936635] | DEBUG | OkHttp https://testnet.binance.vision/... | c.l.b.s.BuyOnPercentageDecreaseInTimeframeAndSetLimitOrderStrategy - maxPrice = 36951.20000000
2022-01-24 22:32:16.635[1643059936635] | DEBUG | OkHttp https://testnet.binance.vision/... | c.l.b.s.BuyOnPercentageDecreaseInTimeframeAndSetLimitOrderStrategy - priceDecreasePercentage = 0.00003275
2022-01-24 22:32:16.635[1643059936635] | DEBUG | OkHttp https://testnet.binance.vision/... | c.l.b.s.BuyOnPercentageDecreaseInTimeframeAndSetLimitOrderStrategy - shouldBuy = false
2022-01-24 22:32:16.636[1643059936636] | DEBUG | OkHttp https://testnet.binance.vision/... | c.l.b.s.BuyOnPercentageDecreaseInTimeframeAndSetLimitOrderStrategy - latestPrice = 36951.20000000
2022-01-24 22:32:16.636[1643059936636] | DEBUG | OkHttp https://testnet.binance.vision/... | c.l.b.s.BuyOnPercentageDecreaseInTimeframeAndSetLimitOrderStrategy - maxPrice = 36951.20000000
2022-01-24 22:32:16.636[1643059936636] | DEBUG | OkHttp https://testnet.binance.vision/... | c.l.b.s.BuyOnPercentageDecreaseInTimeframeAndSetLimitOrderStrategy - priceDecreasePercentage = 0.00000000
2022-01-24 22:32:16.636[1643059936636] | DEBUG | OkHttp https://testnet.binance.vision/... | c.l.b.s.BuyOnPercentageDecreaseInTimeframeAndSetLimitOrderStrategy - shouldBuy = false
2022-01-24 22:32:17.637[1643059937637] | DEBUG | OkHttp https://testnet.binance.vision/... | c.l.b.s.BuyOnPercentageDecreaseInTimeframeAndSetLimitOrderStrategy - latestPrice = 36951.20000000
2022-01-24 22:32:17.638[1643059937638] | DEBUG | OkHttp https://testnet.binance.vision/... | c.l.b.s.BuyOnPercentageDecreaseInTimeframeAndSetLimitOrderStrategy - maxPrice = 36951.20000000
2022-01-24 22:32:17.638[1643059937638] | DEBUG | OkHttp https://testnet.binance.vision/... | c.l.b.s.BuyOnPercentageDecreaseInTimeframeAndSetLimitOrderStrategy - priceDecreasePercentage = 0.00000000
2022-01-24 22:32:17.638[1643059937638] | DEBUG | OkHttp https://testnet.binance.vision/... | c.l.b.s.BuyOnPercentageDecreaseInTimeframeAndSetLimitOrderStrategy - shouldBuy = false
2022-01-24 22:32:17.639[1643059937639] | DEBUG | OkHttp https://testnet.binance.vision/... | c.l.b.s.BuyOnPercentageDecreaseInTimeframeAndSetLimitOrderStrategy - latestPrice = 36951.20000000
2022-01-24 22:32:17.639[1643059937639] | DEBUG | OkHttp https://testnet.binance.vision/... | c.l.b.s.BuyOnPercentageDecreaseInTimeframeAndSetLimitOrderStrategy - maxPrice = 36951.20000000
2022-01-24 22:32:17.639[1643059937639] | DEBUG | OkHttp https://testnet.binance.vision/... | c.l.b.s.BuyOnPercentageDecreaseInTimeframeAndSetLimitOrderStrategy - priceDecreasePercentage = 0.00000000
2022-01-24 22:32:17.639[1643059937639] | DEBUG | OkHttp https://testnet.binance.vision/... | c.l.b.s.BuyOnPercentageDecreaseInTimeframeAndSetLimitOrderStrategy - shouldBuy = false
2022-01-24 22:32:18.629[1643059938629] | DEBUG | OkHttp https://testnet.binance.vision/... | c.l.b.s.BuyOnPercentageDecreaseInTimeframeAndSetLimitOrderStrategy - latestPrice = 36964.99000000
2022-01-24 22:32:18.629[1643059938629] | DEBUG | OkHttp https://testnet.binance.vision/... | c.l.b.s.BuyOnPercentageDecreaseInTimeframeAndSetLimitOrderStrategy - maxPrice = 36964.99000000
2022-01-24 22:32:18.629[1643059938629] | DEBUG | OkHttp https://testnet.binance.vision/... | c.l.b.s.BuyOnPercentageDecreaseInTimeframeAndSetLimitOrderStrategy - priceDecreasePercentage = 0.00000000
2022-01-24 22:32:18.629[1643059938629] | DEBUG | OkHttp https://testnet.binance.vision/... | c.l.b.s.BuyOnPercentageDecreaseInTimeframeAndSetLimitOrderStrategy - shouldBuy = false
2022-01-24 22:32:18.653[1643059938653] | DEBUG | OkHttp https://testnet.binance.vision/... | c.l.b.s.BuyOnPercentageDecreaseInTimeframeAndSetLimitOrderStrategy - latestPrice = 36959.96000000
2022-01-24 22:32:18.654[1643059938654] | DEBUG | OkHttp https://testnet.binance.vision/... | c.l.b.s.BuyOnPercentageDecreaseInTimeframeAndSetLimitOrderStrategy - maxPrice = 36964.99000000
2022-01-24 22:32:18.654[1643059938654] | DEBUG | OkHttp https://testnet.binance.vision/... | c.l.b.s.BuyOnPercentageDecreaseInTimeframeAndSetLimitOrderStrategy - priceDecreasePercentage = 0.00013607
2022-01-24 22:32:18.654[1643059938654] | DEBUG | OkHttp https://testnet.binance.vision/... | c.l.b.s.BuyOnPercentageDecreaseInTimeframeAndSetLimitOrderStrategy - shouldBuy = false
2022-01-24 22:32:18.727[1643059938727] | DEBUG | OkHttp https://testnet.binance.vision/... | c.l.b.s.BuyOnPercentageDecreaseInTimeframeAndSetLimitOrderStrategy - latestPrice = 36959.96000000
2022-01-24 22:32:18.727[1643059938727] | DEBUG | OkHttp https://testnet.binance.vision/... | c.l.b.s.BuyOnPercentageDecreaseInTimeframeAndSetLimitOrderStrategy - maxPrice = 36964.99000000
2022-01-24 22:32:18.727[1643059938727] | DEBUG | OkHttp https://testnet.binance.vision/... | c.l.b.s.BuyOnPercentageDecreaseInTimeframeAndSetLimitOrderStrategy - priceDecreasePercentage = 0.00013607
2022-01-24 22:32:18.727[1643059938727] | DEBUG | OkHttp https://testnet.binance.vision/... | c.l.b.s.BuyOnPercentageDecreaseInTimeframeAndSetLimitOrderStrategy - shouldBuy = false
2022-01-24 22:32:36.659[1643059956659] | INFO  | main       | c.l.b.BinanceTraderBotApplication    - Starting BinanceTraderBotApplication using Java 11.0.6 on Hermes with PID 82872 (/Users/luczsoma/Projects/binance-trader-bot/target/classes started by luczsoma in /Users/luczsoma/Projects/binance-trader-bot)
2022-01-24 22:32:36.661[1643059956661] | DEBUG | main       | c.l.b.BinanceTraderBotApplication    - Running with Spring Boot v2.6.2, Spring v5.3.14
2022-01-24 22:32:36.662[1643059956662] | INFO  | main       | c.l.b.BinanceTraderBotApplication    - No active profile set, falling back to default profiles: default
2022-01-24 22:32:39.380[1643059959380] | WARN  | main       | o.s.b.a.t.ThymeleafAutoConfiguration$DefaultTemplateResolverConfiguration - Cannot find template location: classpath:/templates/ (please add some templates or check your Thymeleaf configuration)
2022-01-24 22:32:39.446[1643059959446] | INFO  | main       | c.l.b.BinanceTraderBotApplication    - Started BinanceTraderBotApplication in 3.128 seconds (JVM running for 3.59)
2022-01-24 22:32:41.613[1643059961613] | DEBUG | OkHttp https://testnet.binance.vision/... | c.l.b.s.BuyOnPercentageDecreaseInTimeframeAndSetLimitOrderStrategy - latestPrice = 36924.50000000
2022-01-24 22:32:41.617[1643059961617] | DEBUG | OkHttp https://testnet.binance.vision/... | c.l.b.s.BuyOnPercentageDecreaseInTimeframeAndSetLimitOrderStrategy - maxPrice = 36924.50000000
2022-01-24 22:32:41.617[1643059961617] | DEBUG | OkHttp https://testnet.binance.vision/... | c.l.b.s.BuyOnPercentageDecreaseInTimeframeAndSetLimitOrderStrategy - priceDecreaseRatio = 0.00000000
2022-01-24 22:32:41.617[1643059961617] | DEBUG | OkHttp https://testnet.binance.vision/... | c.l.b.s.BuyOnPercentageDecreaseInTimeframeAndSetLimitOrderStrategy - shouldBuy = false
2022-01-24 22:32:41.625[1643059961625] | DEBUG | OkHttp https://testnet.binance.vision/... | c.l.b.s.BuyOnPercentageDecreaseInTimeframeAndSetLimitOrderStrategy - latestPrice = 36928.12000000
2022-01-24 22:32:41.625[1643059961625] | DEBUG | OkHttp https://testnet.binance.vision/... | c.l.b.s.BuyOnPercentageDecreaseInTimeframeAndSetLimitOrderStrategy - maxPrice = 36928.12000000
2022-01-24 22:32:41.625[1643059961625] | DEBUG | OkHttp https://testnet.binance.vision/... | c.l.b.s.BuyOnPercentageDecreaseInTimeframeAndSetLimitOrderStrategy - priceDecreaseRatio = 0.00000000
2022-01-24 22:32:41.625[1643059961625] | DEBUG | OkHttp https://testnet.binance.vision/... | c.l.b.s.BuyOnPercentageDecreaseInTimeframeAndSetLimitOrderStrategy - shouldBuy = false
2022-01-24 22:32:42.526[1643059962526] | DEBUG | OkHttp https://testnet.binance.vision/... | c.l.b.s.BuyOnPercentageDecreaseInTimeframeAndSetLimitOrderStrategy - latestPrice = 36928.12000000
2022-01-24 22:32:42.527[1643059962527] | DEBUG | OkHttp https://testnet.binance.vision/... | c.l.b.s.BuyOnPercentageDecreaseInTimeframeAndSetLimitOrderStrategy - maxPrice = 36928.12000000
2022-01-24 22:32:42.527[1643059962527] | DEBUG | OkHttp https://testnet.binance.vision/... | c.l.b.s.BuyOnPercentageDecreaseInTimeframeAndSetLimitOrderStrategy - priceDecreaseRatio = 0.00000000
2022-01-24 22:32:42.527[1643059962527] | DEBUG | OkHttp https://testnet.binance.vision/... | c.l.b.s.BuyOnPercentageDecreaseInTimeframeAndSetLimitOrderStrategy - shouldBuy = false
2022-01-24 22:32:42.606[1643059962606] | DEBUG | OkHttp https://testnet.binance.vision/... | c.l.b.s.BuyOnPercentageDecreaseInTimeframeAndSetLimitOrderStrategy - latestPrice = 36928.12000000
2022-01-24 22:32:42.607[1643059962607] | DEBUG | OkHttp https://testnet.binance.vision/... | c.l.b.s.BuyOnPercentageDecreaseInTimeframeAndSetLimitOrderStrategy - maxPrice = 36928.12000000
2022-01-24 22:32:42.607[1643059962607] | DEBUG | OkHttp https://testnet.binance.vision/... | c.l.b.s.BuyOnPercentageDecreaseInTimeframeAndSetLimitOrderStrategy - priceDecreaseRatio = 0.00000000
2022-01-24 22:32:42.607[1643059962607] | DEBUG | OkHttp https://testnet.binance.vision/... | c.l.b.s.BuyOnPercentageDecreaseInTimeframeAndSetLimitOrderStrategy - shouldBuy = false
2022-01-24 22:32:42.615[1643059962615] | DEBUG | OkHttp https://testnet.binance.vision/... | c.l.b.s.BuyOnPercentageDecreaseInTimeframeAndSetLimitOrderStrategy - latestPrice = 36928.12000000
2022-01-24 22:32:42.616[1643059962616] | DEBUG | OkHttp https://testnet.binance.vision/... | c.l.b.s.BuyOnPercentageDecreaseInTimeframeAndSetLimitOrderStrategy - maxPrice = 36928.12000000
2022-01-24 22:32:42.616[1643059962616] | DEBUG | OkHttp https://testnet.binance.vision/... | c.l.b.s.BuyOnPercentageDecreaseInTimeframeAndSetLimitOrderStrategy - priceDecreaseRatio = 0.00000000
2022-01-24 22:32:42.616[1643059962616] | DEBUG | OkHttp https://testnet.binance.vision/... | c.l.b.s.BuyOnPercentageDecreaseInTimeframeAndSetLimitOrderStrategy - shouldBuy = false
2022-01-24 22:32:42.622[1643059962622] | DEBUG | OkHttp https://testnet.binance.vision/... | c.l.b.s.BuyOnPercentageDecreaseInTimeframeAndSetLimitOrderStrategy - latestPrice = 36928.12000000
2022-01-24 22:32:42.622[1643059962622] | DEBUG | OkHttp https://testnet.binance.vision/... | c.l.b.s.BuyOnPercentageDecreaseInTimeframeAndSetLimitOrderStrategy - maxPrice = 36928.12000000
2022-01-24 22:32:42.622[1643059962622] | DEBUG | OkHttp https://testnet.binance.vision/... | c.l.b.s.BuyOnPercentageDecreaseInTimeframeAndSetLimitOrderStrategy - priceDecreaseRatio = 0.00000000
2022-01-24 22:32:42.622[1643059962622] | DEBUG | OkHttp https://testnet.binance.vision/... | c.l.b.s.BuyOnPercentageDecreaseInTimeframeAndSetLimitOrderStrategy - shouldBuy = false
2022-01-24 22:32:42.642[1643059962642] | DEBUG | OkHttp https://testnet.binance.vision/... | c.l.b.s.BuyOnPercentageDecreaseInTimeframeAndSetLimitOrderStrategy - latestPrice = 36920.90000000
2022-01-24 22:32:42.643[1643059962643] | DEBUG | OkHttp https://testnet.binance.vision/... | c.l.b.s.BuyOnPercentageDecreaseInTimeframeAndSetLimitOrderStrategy - maxPrice = 36928.12000000
2022-01-24 22:32:42.643[1643059962643] | DEBUG | OkHttp https://testnet.binance.vision/... | c.l.b.s.BuyOnPercentageDecreaseInTimeframeAndSetLimitOrderStrategy - priceDecreaseRatio = 0.00019551
2022-01-24 22:32:42.643[1643059962643] | DEBUG | OkHttp https://testnet.binance.vision/... | c.l.b.s.BuyOnPercentageDecreaseInTimeframeAndSetLimitOrderStrategy - shouldBuy = false
2022-01-24 22:32:43.628[1643059963628] | DEBUG | OkHttp https://testnet.binance.vision/... | c.l.b.s.BuyOnPercentageDecreaseInTimeframeAndSetLimitOrderStrategy - latestPrice = 36920.90000000
2022-01-24 22:32:43.628[1643059963628] | DEBUG | OkHttp https://testnet.binance.vision/... | c.l.b.s.BuyOnPercentageDecreaseInTimeframeAndSetLimitOrderStrategy - maxPrice = 36928.12000000
2022-01-24 22:32:43.628[1643059963628] | DEBUG | OkHttp https://testnet.binance.vision/... | c.l.b.s.BuyOnPercentageDecreaseInTimeframeAndSetLimitOrderStrategy - priceDecreaseRatio = 0.00019551
2022-01-24 22:32:43.628[1643059963628] | DEBUG | OkHttp https://testnet.binance.vision/... | c.l.b.s.BuyOnPercentageDecreaseInTimeframeAndSetLimitOrderStrategy - shouldBuy = false
2022-01-24 22:32:43.629[1643059963629] | DEBUG | OkHttp https://testnet.binance.vision/... | c.l.b.s.BuyOnPercentageDecreaseInTimeframeAndSetLimitOrderStrategy - latestPrice = 36924.42000000
2022-01-24 22:32:43.629[1643059963629] | DEBUG | OkHttp https://testnet.binance.vision/... | c.l.b.s.BuyOnPercentageDecreaseInTimeframeAndSetLimitOrderStrategy - maxPrice = 36928.12000000
2022-01-24 22:32:43.629[1643059963629] | DEBUG | OkHttp https://testnet.binance.vision/... | c.l.b.s.BuyOnPercentageDecreaseInTimeframeAndSetLimitOrderStrategy - priceDecreaseRatio = 0.00010019
2022-01-24 22:32:43.629[1643059963629] | DEBUG | OkHttp https://testnet.binance.vision/... | c.l.b.s.BuyOnPercentageDecreaseInTimeframeAndSetLimitOrderStrategy - shouldBuy = false
2022-01-24 22:32:43.630[1643059963630] | DEBUG | OkHttp https://testnet.binance.vision/... | c.l.b.s.BuyOnPercentageDecreaseInTimeframeAndSetLimitOrderStrategy - latestPrice = 36928.12000000
2022-01-24 22:32:43.630[1643059963630] | DEBUG | OkHttp https://testnet.binance.vision/... | c.l.b.s.BuyOnPercentageDecreaseInTimeframeAndSetLimitOrderStrategy - maxPrice = 36928.12000000
2022-01-24 22:32:43.630[1643059963630] | DEBUG | OkHttp https://testnet.binance.vision/... | c.l.b.s.BuyOnPercentageDecreaseInTimeframeAndSetLimitOrderStrategy - priceDecreaseRatio = 0.00000000
2022-01-24 22:32:43.630[1643059963630] | DEBUG | OkHttp https://testnet.binance.vision/... | c.l.b.s.BuyOnPercentageDecreaseInTimeframeAndSetLimitOrderStrategy - shouldBuy = false
2022-01-24 22:32:43.638[1643059963638] | DEBUG | OkHttp https://testnet.binance.vision/... | c.l.b.s.BuyOnPercentageDecreaseInTimeframeAndSetLimitOrderStrategy - latestPrice = 36924.50000000
2022-01-24 22:32:43.638[1643059963638] | DEBUG | OkHttp https://testnet.binance.vision/... | c.l.b.s.BuyOnPercentageDecreaseInTimeframeAndSetLimitOrderStrategy - maxPrice = 36928.12000000
2022-01-24 22:32:43.638[1643059963638] | DEBUG | OkHttp https://testnet.binance.vision/... | c.l.b.s.BuyOnPercentageDecreaseInTimeframeAndSetLimitOrderStrategy - priceDecreaseRatio = 0.00009803
2022-01-24 22:32:43.638[1643059963638] | DEBUG | OkHttp https://testnet.binance.vision/... | c.l.b.s.BuyOnPercentageDecreaseInTimeframeAndSetLimitOrderStrategy - shouldBuy = false
2022-01-24 22:32:44.631[1643059964631] | DEBUG | OkHttp https://testnet.binance.vision/... | c.l.b.s.BuyOnPercentageDecreaseInTimeframeAndSetLimitOrderStrategy - latestPrice = 36924.50000000
2022-01-24 22:32:44.631[1643059964631] | DEBUG | OkHttp https://testnet.binance.vision/... | c.l.b.s.BuyOnPercentageDecreaseInTimeframeAndSetLimitOrderStrategy - maxPrice = 36928.12000000
2022-01-24 22:32:44.632[1643059964632] | DEBUG | OkHttp https://testnet.binance.vision/... | c.l.b.s.BuyOnPercentageDecreaseInTimeframeAndSetLimitOrderStrategy - priceDecreaseRatio = 0.00009803
2022-01-24 22:32:44.632[1643059964632] | DEBUG | OkHttp https://testnet.binance.vision/... | c.l.b.s.BuyOnPercentageDecreaseInTimeframeAndSetLimitOrderStrategy - shouldBuy = false
2022-01-24 22:32:44.633[1643059964633] | DEBUG | OkHttp https://testnet.binance.vision/... | c.l.b.s.BuyOnPercentageDecreaseInTimeframeAndSetLimitOrderStrategy - latestPrice = 36924.59000000
2022-01-24 22:32:44.633[1643059964633] | DEBUG | OkHttp https://testnet.binance.vision/... | c.l.b.s.BuyOnPercentageDecreaseInTimeframeAndSetLimitOrderStrategy - maxPrice = 36928.12000000
2022-01-24 22:32:44.633[1643059964633] | DEBUG | OkHttp https://testnet.binance.vision/... | c.l.b.s.BuyOnPercentageDecreaseInTimeframeAndSetLimitOrderStrategy - priceDecreaseRatio = 0.00009559
2022-01-24 22:32:44.633[1643059964633] | DEBUG | OkHttp https://testnet.binance.vision/... | c.l.b.s.BuyOnPercentageDecreaseInTimeframeAndSetLimitOrderStrategy - shouldBuy = false
2022-01-24 22:32:44.634[1643059964634] | DEBUG | OkHttp https://testnet.binance.vision/... | c.l.b.s.BuyOnPercentageDecreaseInTimeframeAndSetLimitOrderStrategy - latestPrice = 36930.43000000
2022-01-24 22:32:44.634[1643059964634] | DEBUG | OkHttp https://testnet.binance.vision/... | c.l.b.s.BuyOnPercentageDecreaseInTimeframeAndSetLimitOrderStrategy - maxPrice = 36930.43000000
2022-01-24 22:32:44.634[1643059964634] | DEBUG | OkHttp https://testnet.binance.vision/... | c.l.b.s.BuyOnPercentageDecreaseInTimeframeAndSetLimitOrderStrategy - priceDecreaseRatio = 0.00000000
2022-01-24 22:32:44.634[1643059964634] | DEBUG | OkHttp https://testnet.binance.vision/... | c.l.b.s.BuyOnPercentageDecreaseInTimeframeAndSetLimitOrderStrategy - shouldBuy = false
2022-01-24 22:32:44.644[1643059964644] | DEBUG | OkHttp https://testnet.binance.vision/... | c.l.b.s.BuyOnPercentageDecreaseInTimeframeAndSetLimitOrderStrategy - latestPrice = 36929.10000000
2022-01-24 22:32:44.645[1643059964645] | DEBUG | OkHttp https://testnet.binance.vision/... | c.l.b.s.BuyOnPercentageDecreaseInTimeframeAndSetLimitOrderStrategy - maxPrice = 36930.43000000
2022-01-24 22:32:44.645[1643059964645] | DEBUG | OkHttp https://testnet.binance.vision/... | c.l.b.s.BuyOnPercentageDecreaseInTimeframeAndSetLimitOrderStrategy - priceDecreaseRatio = 0.00003601
2022-01-24 22:32:44.645[1643059964645] | DEBUG | OkHttp https://testnet.binance.vision/... | c.l.b.s.BuyOnPercentageDecreaseInTimeframeAndSetLimitOrderStrategy - shouldBuy = false
2022-01-24 22:32:45.640[1643059965640] | DEBUG | OkHttp https://testnet.binance.vision/... | c.l.b.s.BuyOnPercentageDecreaseInTimeframeAndSetLimitOrderStrategy - latestPrice = 36929.10000000
2022-01-24 22:32:45.641[1643059965641] | DEBUG | OkHttp https://testnet.binance.vision/... | c.l.b.s.BuyOnPercentageDecreaseInTimeframeAndSetLimitOrderStrategy - maxPrice = 36930.43000000
2022-01-24 22:32:45.641[1643059965641] | DEBUG | OkHttp https://testnet.binance.vision/... | c.l.b.s.BuyOnPercentageDecreaseInTimeframeAndSetLimitOrderStrategy - priceDecreaseRatio = 0.00003601
2022-01-24 22:32:45.641[1643059965641] | DEBUG | OkHttp https://testnet.binance.vision/... | c.l.b.s.BuyOnPercentageDecreaseInTimeframeAndSetLimitOrderStrategy - shouldBuy = false
2022-01-24 22:32:45.642[1643059965642] | DEBUG | OkHttp https://testnet.binance.vision/... | c.l.b.s.BuyOnPercentageDecreaseInTimeframeAndSetLimitOrderStrategy - latestPrice = 36929.14000000
2022-01-24 22:32:45.642[1643059965642] | DEBUG | OkHttp https://testnet.binance.vision/... | c.l.b.s.BuyOnPercentageDecreaseInTimeframeAndSetLimitOrderStrategy - maxPrice = 36930.43000000
2022-01-24 22:32:45.642[1643059965642] | DEBUG | OkHttp https://testnet.binance.vision/... | c.l.b.s.BuyOnPercentageDecreaseInTimeframeAndSetLimitOrderStrategy - priceDecreaseRatio = 0.00003493
2022-01-24 22:32:45.642[1643059965642] | DEBUG | OkHttp https://testnet.binance.vision/... | c.l.b.s.BuyOnPercentageDecreaseInTimeframeAndSetLimitOrderStrategy - shouldBuy = false
2022-01-24 22:32:45.643[1643059965643] | DEBUG | OkHttp https://testnet.binance.vision/... | c.l.b.s.BuyOnPercentageDecreaseInTimeframeAndSetLimitOrderStrategy - latestPrice = 36929.14000000
2022-01-24 22:32:45.643[1643059965643] | DEBUG | OkHttp https://testnet.binance.vision/... | c.l.b.s.BuyOnPercentageDecreaseInTimeframeAndSetLimitOrderStrategy - maxPrice = 36930.43000000
2022-01-24 22:32:45.643[1643059965643] | DEBUG | OkHttp https://testnet.binance.vision/... | c.l.b.s.BuyOnPercentageDecreaseInTimeframeAndSetLimitOrderStrategy - priceDecreaseRatio = 0.00003493
2022-01-24 22:32:45.643[1643059965643] | DEBUG | OkHttp https://testnet.binance.vision/... | c.l.b.s.BuyOnPercentageDecreaseInTimeframeAndSetLimitOrderStrategy - shouldBuy = false
2022-01-24 22:32:45.656[1643059965656] | DEBUG | OkHttp https://testnet.binance.vision/... | c.l.b.s.BuyOnPercentageDecreaseInTimeframeAndSetLimitOrderStrategy - latestPrice = 36930.43000000
2022-01-24 22:32:45.657[1643059965657] | DEBUG | OkHttp https://testnet.binance.vision/... | c.l.b.s.BuyOnPercentageDecreaseInTimeframeAndSetLimitOrderStrategy - maxPrice = 36930.43000000
2022-01-24 22:32:45.657[1643059965657] | DEBUG | OkHttp https://testnet.binance.vision/... | c.l.b.s.BuyOnPercentageDecreaseInTimeframeAndSetLimitOrderStrategy - priceDecreaseRatio = 0.00000000
2022-01-24 22:32:45.657[1643059965657] | DEBUG | OkHttp https://testnet.binance.vision/... | c.l.b.s.BuyOnPercentageDecreaseInTimeframeAndSetLimitOrderStrategy - shouldBuy = false
2022-01-24 22:32:45.664[1643059965664] | DEBUG | OkHttp https://testnet.binance.vision/... | c.l.b.s.BuyOnPercentageDecreaseInTimeframeAndSetLimitOrderStrategy - latestPrice = 36932.57000000
2022-01-24 22:32:45.664[1643059965664] | DEBUG | OkHttp https://testnet.binance.vision/... | c.l.b.s.BuyOnPercentageDecreaseInTimeframeAndSetLimitOrderStrategy - maxPrice = 36932.57000000
2022-01-24 22:32:45.664[1643059965664] | DEBUG | OkHttp https://testnet.binance.vision/... | c.l.b.s.BuyOnPercentageDecreaseInTimeframeAndSetLimitOrderStrategy - priceDecreaseRatio = 0.00000000
2022-01-24 22:32:45.664[1643059965664] | DEBUG | OkHttp https://testnet.binance.vision/... | c.l.b.s.BuyOnPercentageDecreaseInTimeframeAndSetLimitOrderStrategy - shouldBuy = false
2022-01-24 22:32:45.673[1643059965673] | DEBUG | OkHttp https://testnet.binance.vision/... | c.l.b.s.BuyOnPercentageDecreaseInTimeframeAndSetLimitOrderStrategy - latestPrice = 36938.03000000
2022-01-24 22:32:45.673[1643059965673] | DEBUG | OkHttp https://testnet.binance.vision/... | c.l.b.s.BuyOnPercentageDecreaseInTimeframeAndSetLimitOrderStrategy - maxPrice = 36938.03000000
2022-01-24 22:32:45.673[1643059965673] | DEBUG | OkHttp https://testnet.binance.vision/... | c.l.b.s.BuyOnPercentageDecreaseInTimeframeAndSetLimitOrderStrategy - priceDecreaseRatio = 0.00000000
2022-01-24 22:32:45.673[1643059965673] | DEBUG | OkHttp https://testnet.binance.vision/... | c.l.b.s.BuyOnPercentageDecreaseInTimeframeAndSetLimitOrderStrategy - shouldBuy = false
2022-01-24 22:32:45.686[1643059965686] | DEBUG | OkHttp https://testnet.binance.vision/... | c.l.b.s.BuyOnPercentageDecreaseInTimeframeAndSetLimitOrderStrategy - latestPrice = 36934.98000000
2022-01-24 22:32:45.686[1643059965686] | DEBUG | OkHttp https://testnet.binance.vision/... | c.l.b.s.BuyOnPercentageDecreaseInTimeframeAndSetLimitOrderStrategy - maxPrice = 36938.03000000
2022-01-24 22:32:45.686[1643059965686] | DEBUG | OkHttp https://testnet.binance.vision/... | c.l.b.s.BuyOnPercentageDecreaseInTimeframeAndSetLimitOrderStrategy - priceDecreaseRatio = 0.00008257
2022-01-24 22:32:45.686[1643059965686] | DEBUG | OkHttp https://testnet.binance.vision/... | c.l.b.s.BuyOnPercentageDecreaseInTimeframeAndSetLimitOrderStrategy - shouldBuy = false
2022-01-24 22:32:46.638[1643059966638] | DEBUG | OkHttp https://testnet.binance.vision/... | c.l.b.s.BuyOnPercentageDecreaseInTimeframeAndSetLimitOrderStrategy - latestPrice = 36934.98000000
2022-01-24 22:32:46.638[1643059966638] | DEBUG | OkHttp https://testnet.binance.vision/... | c.l.b.s.BuyOnPercentageDecreaseInTimeframeAndSetLimitOrderStrategy - maxPrice = 36938.03000000
2022-01-24 22:32:46.639[1643059966639] | DEBUG | OkHttp https://testnet.binance.vision/... | c.l.b.s.BuyOnPercentageDecreaseInTimeframeAndSetLimitOrderStrategy - priceDecreaseRatio = 0.00008257
2022-01-24 22:32:46.639[1643059966639] | DEBUG | OkHttp https://testnet.binance.vision/... | c.l.b.s.BuyOnPercentageDecreaseInTimeframeAndSetLimitOrderStrategy - shouldBuy = false
2022-01-24 22:32:46.640[1643059966640] | DEBUG | OkHttp https://testnet.binance.vision/... | c.l.b.s.BuyOnPercentageDecreaseInTimeframeAndSetLimitOrderStrategy - latestPrice = 36934.98000000
2022-01-24 22:32:46.640[1643059966640] | DEBUG | OkHttp https://testnet.binance.vision/... | c.l.b.s.BuyOnPercentageDecreaseInTimeframeAndSetLimitOrderStrategy - maxPrice = 36938.03000000
2022-01-24 22:32:46.640[1643059966640] | DEBUG | OkHttp https://testnet.binance.vision/... | c.l.b.s.BuyOnPercentageDecreaseInTimeframeAndSetLimitOrderStrategy - priceDecreaseRatio = 0.00008257
2022-01-24 22:32:46.640[1643059966640] | DEBUG | OkHttp https://testnet.binance.vision/... | c.l.b.s.BuyOnPercentageDecreaseInTimeframeAndSetLimitOrderStrategy - shouldBuy = false
2022-01-24 22:32:46.645[1643059966645] | DEBUG | OkHttp https://testnet.binance.vision/... | c.l.b.s.BuyOnPercentageDecreaseInTimeframeAndSetLimitOrderStrategy - latestPrice = 36937.99000000
2022-01-24 22:32:46.645[1643059966645] | DEBUG | OkHttp https://testnet.binance.vision/... | c.l.b.s.BuyOnPercentageDecreaseInTimeframeAndSetLimitOrderStrategy - maxPrice = 36938.03000000
2022-01-24 22:32:46.645[1643059966645] | DEBUG | OkHttp https://testnet.binance.vision/... | c.l.b.s.BuyOnPercentageDecreaseInTimeframeAndSetLimitOrderStrategy - priceDecreaseRatio = 0.00000108
2022-01-24 22:32:46.645[1643059966645] | DEBUG | OkHttp https://testnet.binance.vision/... | c.l.b.s.BuyOnPercentageDecreaseInTimeframeAndSetLimitOrderStrategy - shouldBuy = false
2022-01-24 22:32:46.653[1643059966653] | DEBUG | OkHttp https://testnet.binance.vision/... | c.l.b.s.BuyOnPercentageDecreaseInTimeframeAndSetLimitOrderStrategy - latestPrice = 36936.33000000
2022-01-24 22:32:46.654[1643059966654] | DEBUG | OkHttp https://testnet.binance.vision/... | c.l.b.s.BuyOnPercentageDecreaseInTimeframeAndSetLimitOrderStrategy - maxPrice = 36938.03000000
2022-01-24 22:32:46.654[1643059966654] | DEBUG | OkHttp https://testnet.binance.vision/... | c.l.b.s.BuyOnPercentageDecreaseInTimeframeAndSetLimitOrderStrategy - priceDecreaseRatio = 0.00004602
2022-01-24 22:32:46.654[1643059966654] | DEBUG | OkHttp https://testnet.binance.vision/... | c.l.b.s.BuyOnPercentageDecreaseInTimeframeAndSetLimitOrderStrategy - shouldBuy = false
2022-01-24 22:32:47.656[1643059967656] | DEBUG | OkHttp https://testnet.binance.vision/... | c.l.b.s.BuyOnPercentageDecreaseInTimeframeAndSetLimitOrderStrategy - latestPrice = 36934.71000000
2022-01-24 22:32:47.656[1643059967656] | DEBUG | OkHttp https://testnet.binance.vision/... | c.l.b.s.BuyOnPercentageDecreaseInTimeframeAndSetLimitOrderStrategy - maxPrice = 36938.03000000
2022-01-24 22:32:47.656[1643059967656] | DEBUG | OkHttp https://testnet.binance.vision/... | c.l.b.s.BuyOnPercentageDecreaseInTimeframeAndSetLimitOrderStrategy - priceDecreaseRatio = 0.00008988
2022-01-24 22:32:47.656[1643059967656] | DEBUG | OkHttp https://testnet.binance.vision/... | c.l.b.s.BuyOnPercentageDecreaseInTimeframeAndSetLimitOrderStrategy - shouldBuy = false
2022-01-24 22:32:48.647[1643059968647] | DEBUG | OkHttp https://testnet.binance.vision/... | c.l.b.s.BuyOnPercentageDecreaseInTimeframeAndSetLimitOrderStrategy - latestPrice = 36934.71000000
2022-01-24 22:32:48.648[1643059968648] | DEBUG | OkHttp https://testnet.binance.vision/... | c.l.b.s.BuyOnPercentageDecreaseInTimeframeAndSetLimitOrderStrategy - maxPrice = 36938.03000000
2022-01-24 22:32:48.648[1643059968648] | DEBUG | OkHttp https://testnet.binance.vision/... | c.l.b.s.BuyOnPercentageDecreaseInTimeframeAndSetLimitOrderStrategy - priceDecreaseRatio = 0.00008988
2022-01-24 22:32:48.648[1643059968648] | DEBUG | OkHttp https://testnet.binance.vision/... | c.l.b.s.BuyOnPercentageDecreaseInTimeframeAndSetLimitOrderStrategy - shouldBuy = false
2022-01-24 22:32:48.649[1643059968649] | DEBUG | OkHttp https://testnet.binance.vision/... | c.l.b.s.BuyOnPercentageDecreaseInTimeframeAndSetLimitOrderStrategy - latestPrice = 36934.71000000
2022-01-24 22:32:48.649[1643059968649] | DEBUG | OkHttp https://testnet.binance.vision/... | c.l.b.s.BuyOnPercentageDecreaseInTimeframeAndSetLimitOrderStrategy - maxPrice = 36938.03000000
2022-01-24 22:32:48.649[1643059968649] | DEBUG | OkHttp https://testnet.binance.vision/... | c.l.b.s.BuyOnPercentageDecreaseInTimeframeAndSetLimitOrderStrategy - priceDecreaseRatio = 0.00008988
2022-01-24 22:32:48.649[1643059968649] | DEBUG | OkHttp https://testnet.binance.vision/... | c.l.b.s.BuyOnPercentageDecreaseInTimeframeAndSetLimitOrderStrategy - shouldBuy = false
2022-01-24 22:32:48.650[1643059968650] | DEBUG | OkHttp https://testnet.binance.vision/... | c.l.b.s.BuyOnPercentageDecreaseInTimeframeAndSetLimitOrderStrategy - latestPrice = 36936.32000000
2022-01-24 22:32:48.650[1643059968650] | DEBUG | OkHttp https://testnet.binance.vision/... | c.l.b.s.BuyOnPercentageDecreaseInTimeframeAndSetLimitOrderStrategy - maxPrice = 36938.03000000
2022-01-24 22:32:48.650[1643059968650] | DEBUG | OkHttp https://testnet.binance.vision/... | c.l.b.s.BuyOnPercentageDecreaseInTimeframeAndSetLimitOrderStrategy - priceDecreaseRatio = 0.00004629
2022-01-24 22:32:48.650[1643059968650] | DEBUG | OkHttp https://testnet.binance.vision/... | c.l.b.s.BuyOnPercentageDecreaseInTimeframeAndSetLimitOrderStrategy - shouldBuy = false
2022-01-24 22:32:48.653[1643059968653] | DEBUG | OkHttp https://testnet.binance.vision/... | c.l.b.s.BuyOnPercentageDecreaseInTimeframeAndSetLimitOrderStrategy - latestPrice = 36936.33000000
2022-01-24 22:32:48.654[1643059968654] | DEBUG | OkHttp https://testnet.binance.vision/... | c.l.b.s.BuyOnPercentageDecreaseInTimeframeAndSetLimitOrderStrategy - maxPrice = 36938.03000000
2022-01-24 22:32:48.654[1643059968654] | DEBUG | OkHttp https://testnet.binance.vision/... | c.l.b.s.BuyOnPercentageDecreaseInTimeframeAndSetLimitOrderStrategy - priceDecreaseRatio = 0.00004602
2022-01-24 22:32:48.654[1643059968654] | DEBUG | OkHttp https://testnet.binance.vision/... | c.l.b.s.BuyOnPercentageDecreaseInTimeframeAndSetLimitOrderStrategy - shouldBuy = false
2022-01-24 22:32:48.664[1643059968664] | DEBUG | OkHttp https://testnet.binance.vision/... | c.l.b.s.BuyOnPercentageDecreaseInTimeframeAndSetLimitOrderStrategy - latestPrice = 36938.03000000
2022-01-24 22:32:48.665[1643059968665] | DEBUG | OkHttp https://testnet.binance.vision/... | c.l.b.s.BuyOnPercentageDecreaseInTimeframeAndSetLimitOrderStrategy - maxPrice = 36938.03000000
2022-01-24 22:32:48.665[1643059968665] | DEBUG | OkHttp https://testnet.binance.vision/... | c.l.b.s.BuyOnPercentageDecreaseInTimeframeAndSetLimitOrderStrategy - priceDecreaseRatio = 0.00000000
2022-01-24 22:32:48.665[1643059968665] | DEBUG | OkHttp https://testnet.binance.vision/... | c.l.b.s.BuyOnPercentageDecreaseInTimeframeAndSetLimitOrderStrategy - shouldBuy = false
2022-01-24 22:32:48.676[1643059968676] | DEBUG | OkHttp https://testnet.binance.vision/... | c.l.b.s.BuyOnPercentageDecreaseInTimeframeAndSetLimitOrderStrategy - latestPrice = 36937.64000000
2022-01-24 22:32:48.676[1643059968676] | DEBUG | OkHttp https://testnet.binance.vision/... | c.l.b.s.BuyOnPercentageDecreaseInTimeframeAndSetLimitOrderStrategy - maxPrice = 36938.03000000
2022-01-24 22:32:48.677[1643059968677] | DEBUG | OkHttp https://testnet.binance.vision/... | c.l.b.s.BuyOnPercentageDecreaseInTimeframeAndSetLimitOrderStrategy - priceDecreaseRatio = 0.00001056
2022-01-24 22:32:48.677[1643059968677] | DEBUG | OkHttp https://testnet.binance.vision/... | c.l.b.s.BuyOnPercentageDecreaseInTimeframeAndSetLimitOrderStrategy - shouldBuy = false
2022-01-24 22:32:48.804[1643059968804] | DEBUG | OkHttp https://testnet.binance.vision/... | c.l.b.s.BuyOnPercentageDecreaseInTimeframeAndSetLimitOrderStrategy - latestPrice = 36937.70000000
2022-01-24 22:32:48.804[1643059968804] | DEBUG | OkHttp https://testnet.binance.vision/... | c.l.b.s.BuyOnPercentageDecreaseInTimeframeAndSetLimitOrderStrategy - maxPrice = 36938.03000000
2022-01-24 22:32:48.804[1643059968804] | DEBUG | OkHttp https://testnet.binance.vision/... | c.l.b.s.BuyOnPercentageDecreaseInTimeframeAndSetLimitOrderStrategy - priceDecreaseRatio = 0.00000893
2022-01-24 22:32:48.804[1643059968804] | DEBUG | OkHttp https://testnet.binance.vision/... | c.l.b.s.BuyOnPercentageDecreaseInTimeframeAndSetLimitOrderStrategy - shouldBuy = false
2022-01-24 22:32:49.649[1643059969649] | DEBUG | OkHttp https://testnet.binance.vision/... | c.l.b.s.BuyOnPercentageDecreaseInTimeframeAndSetLimitOrderStrategy - latestPrice = 36937.70000000
2022-01-24 22:32:49.650[1643059969650] | DEBUG | OkHttp https://testnet.binance.vision/... | c.l.b.s.BuyOnPercentageDecreaseInTimeframeAndSetLimitOrderStrategy - maxPrice = 36938.03000000
2022-01-24 22:32:49.650[1643059969650] | DEBUG | OkHttp https://testnet.binance.vision/... | c.l.b.s.BuyOnPercentageDecreaseInTimeframeAndSetLimitOrderStrategy - priceDecreaseRatio = 0.00000893
2022-01-24 22:32:49.650[1643059969650] | DEBUG | OkHttp https://testnet.binance.vision/... | c.l.b.s.BuyOnPercentageDecreaseInTimeframeAndSetLimitOrderStrategy - shouldBuy = false
2022-01-24 22:32:49.651[1643059969651] | DEBUG | OkHttp https://testnet.binance.vision/... | c.l.b.s.BuyOnPercentageDecreaseInTimeframeAndSetLimitOrderStrategy - latestPrice = 36950.21000000
2022-01-24 22:32:49.651[1643059969651] | DEBUG | OkHttp https://testnet.binance.vision/... | c.l.b.s.BuyOnPercentageDecreaseInTimeframeAndSetLimitOrderStrategy - maxPrice = 36950.21000000
2022-01-24 22:32:49.651[1643059969651] | DEBUG | OkHttp https://testnet.binance.vision/... | c.l.b.s.BuyOnPercentageDecreaseInTimeframeAndSetLimitOrderStrategy - priceDecreaseRatio = 0.00000000
2022-01-24 22:32:49.651[1643059969651] | DEBUG | OkHttp https://testnet.binance.vision/... | c.l.b.s.BuyOnPercentageDecreaseInTimeframeAndSetLimitOrderStrategy - shouldBuy = false
2022-01-24 22:32:49.655[1643059969655] | DEBUG | OkHttp https://testnet.binance.vision/... | c.l.b.s.BuyOnPercentageDecreaseInTimeframeAndSetLimitOrderStrategy - latestPrice = 36940.59000000
2022-01-24 22:32:49.656[1643059969656] | DEBUG | OkHttp https://testnet.binance.vision/... | c.l.b.s.BuyOnPercentageDecreaseInTimeframeAndSetLimitOrderStrategy - maxPrice = 36950.21000000
2022-01-24 22:32:49.656[1643059969656] | DEBUG | OkHttp https://testnet.binance.vision/... | c.l.b.s.BuyOnPercentageDecreaseInTimeframeAndSetLimitOrderStrategy - priceDecreaseRatio = 0.00026035
2022-01-24 22:32:49.656[1643059969656] | DEBUG | OkHttp https://testnet.binance.vision/... | c.l.b.s.BuyOnPercentageDecreaseInTimeframeAndSetLimitOrderStrategy - shouldBuy = false
2022-01-24 22:32:50.653[1643059970653] | DEBUG | OkHttp https://testnet.binance.vision/... | c.l.b.s.BuyOnPercentageDecreaseInTimeframeAndSetLimitOrderStrategy - latestPrice = 36940.59000000
2022-01-24 22:32:50.653[1643059970653] | DEBUG | OkHttp https://testnet.binance.vision/... | c.l.b.s.BuyOnPercentageDecreaseInTimeframeAndSetLimitOrderStrategy - maxPrice = 36950.21000000
2022-01-24 22:32:50.653[1643059970653] | DEBUG | OkHttp https://testnet.binance.vision/... | c.l.b.s.BuyOnPercentageDecreaseInTimeframeAndSetLimitOrderStrategy - priceDecreaseRatio = 0.00026035
2022-01-24 22:32:50.654[1643059970654] | DEBUG | OkHttp https://testnet.binance.vision/... | c.l.b.s.BuyOnPercentageDecreaseInTimeframeAndSetLimitOrderStrategy - shouldBuy = false
2022-01-24 22:32:50.656[1643059970656] | DEBUG | OkHttp https://testnet.binance.vision/... | c.l.b.s.BuyOnPercentageDecreaseInTimeframeAndSetLimitOrderStrategy - latestPrice = 36944.42000000
2022-01-24 22:32:50.656[1643059970656] | DEBUG | OkHttp https://testnet.binance.vision/... | c.l.b.s.BuyOnPercentageDecreaseInTimeframeAndSetLimitOrderStrategy - maxPrice = 36950.21000000
2022-01-24 22:32:50.656[1643059970656] | DEBUG | OkHttp https://testnet.binance.vision/... | c.l.b.s.BuyOnPercentageDecreaseInTimeframeAndSetLimitOrderStrategy - priceDecreaseRatio = 0.00015670
2022-01-24 22:32:50.656[1643059970656] | DEBUG | OkHttp https://testnet.binance.vision/... | c.l.b.s.BuyOnPercentageDecreaseInTimeframeAndSetLimitOrderStrategy - shouldBuy = false
2022-01-24 22:32:50.657[1643059970657] | DEBUG | OkHttp https://testnet.binance.vision/... | c.l.b.s.BuyOnPercentageDecreaseInTimeframeAndSetLimitOrderStrategy - latestPrice = 36944.42000000
2022-01-24 22:32:50.657[1643059970657] | DEBUG | OkHttp https://testnet.binance.vision/... | c.l.b.s.BuyOnPercentageDecreaseInTimeframeAndSetLimitOrderStrategy - maxPrice = 36950.21000000
2022-01-24 22:32:50.657[1643059970657] | DEBUG | OkHttp https://testnet.binance.vision/... | c.l.b.s.BuyOnPercentageDecreaseInTimeframeAndSetLimitOrderStrategy - priceDecreaseRatio = 0.00015670
2022-01-24 22:32:50.657[1643059970657] | DEBUG | OkHttp https://testnet.binance.vision/... | c.l.b.s.BuyOnPercentageDecreaseInTimeframeAndSetLimitOrderStrategy - shouldBuy = false
2022-01-24 22:32:50.658[1643059970658] | DEBUG | OkHttp https://testnet.binance.vision/... | c.l.b.s.BuyOnPercentageDecreaseInTimeframeAndSetLimitOrderStrategy - latestPrice = 36964.99000000
2022-01-24 22:32:50.658[1643059970658] | DEBUG | OkHttp https://testnet.binance.vision/... | c.l.b.s.BuyOnPercentageDecreaseInTimeframeAndSetLimitOrderStrategy - maxPrice = 36964.99000000
2022-01-24 22:32:50.658[1643059970658] | DEBUG | OkHttp https://testnet.binance.vision/... | c.l.b.s.BuyOnPercentageDecreaseInTimeframeAndSetLimitOrderStrategy - priceDecreaseRatio = 0.00000000
2022-01-24 22:32:50.658[1643059970658] | DEBUG | OkHttp https://testnet.binance.vision/... | c.l.b.s.BuyOnPercentageDecreaseInTimeframeAndSetLimitOrderStrategy - shouldBuy = false
2022-01-24 22:32:50.664[1643059970664] | DEBUG | OkHttp https://testnet.binance.vision/... | c.l.b.s.BuyOnPercentageDecreaseInTimeframeAndSetLimitOrderStrategy - latestPrice = 36946.69000000
2022-01-24 22:32:50.664[1643059970664] | DEBUG | OkHttp https://testnet.binance.vision/... | c.l.b.s.BuyOnPercentageDecreaseInTimeframeAndSetLimitOrderStrategy - maxPrice = 36964.99000000
2022-01-24 22:32:50.664[1643059970664] | DEBUG | OkHttp https://testnet.binance.vision/... | c.l.b.s.BuyOnPercentageDecreaseInTimeframeAndSetLimitOrderStrategy - priceDecreaseRatio = 0.00049506
2022-01-24 22:32:50.665[1643059970665] | DEBUG | OkHttp https://testnet.binance.vision/... | c.l.b.s.BuyOnPercentageDecreaseInTimeframeAndSetLimitOrderStrategy - shouldBuy = false
2022-01-24 22:32:50.752[1643059970752] | DEBUG | OkHttp https://testnet.binance.vision/... | c.l.b.s.BuyOnPercentageDecreaseInTimeframeAndSetLimitOrderStrategy - latestPrice = 36946.69000000
2022-01-24 22:32:50.753[1643059970753] | DEBUG | OkHttp https://testnet.binance.vision/... | c.l.b.s.BuyOnPercentageDecreaseInTimeframeAndSetLimitOrderStrategy - maxPrice = 36964.99000000
2022-01-24 22:32:50.753[1643059970753] | DEBUG | OkHttp https://testnet.binance.vision/... | c.l.b.s.BuyOnPercentageDecreaseInTimeframeAndSetLimitOrderStrategy - priceDecreaseRatio = 0.00049506
2022-01-24 22:32:50.753[1643059970753] | DEBUG | OkHttp https://testnet.binance.vision/... | c.l.b.s.BuyOnPercentageDecreaseInTimeframeAndSetLimitOrderStrategy - shouldBuy = false
2022-01-24 22:32:51.658[1643059971658] | DEBUG | OkHttp https://testnet.binance.vision/... | c.l.b.s.BuyOnPercentageDecreaseInTimeframeAndSetLimitOrderStrategy - latestPrice = 36946.69000000
2022-01-24 22:32:51.659[1643059971659] | DEBUG | OkHttp https://testnet.binance.vision/... | c.l.b.s.BuyOnPercentageDecreaseInTimeframeAndSetLimitOrderStrategy - maxPrice = 36964.99000000
2022-01-24 22:32:51.659[1643059971659] | DEBUG | OkHttp https://testnet.binance.vision/... | c.l.b.s.BuyOnPercentageDecreaseInTimeframeAndSetLimitOrderStrategy - priceDecreaseRatio = 0.00049506
2022-01-24 22:32:51.659[1643059971659] | DEBUG | OkHttp https://testnet.binance.vision/... | c.l.b.s.BuyOnPercentageDecreaseInTimeframeAndSetLimitOrderStrategy - shouldBuy = false
2022-01-24 22:32:51.659[1643059971659] | DEBUG | OkHttp https://testnet.binance.vision/... | c.l.b.s.BuyOnPercentageDecreaseInTimeframeAndSetLimitOrderStrategy - latestPrice = 36946.69000000
2022-01-24 22:32:51.659[1643059971659] | DEBUG | OkHttp https://testnet.binance.vision/... | c.l.b.s.BuyOnPercentageDecreaseInTimeframeAndSetLimitOrderStrategy - maxPrice = 36964.99000000
2022-01-24 22:32:51.660[1643059971660] | DEBUG | OkHttp https://testnet.binance.vision/... | c.l.b.s.BuyOnPercentageDecreaseInTimeframeAndSetLimitOrderStrategy - priceDecreaseRatio = 0.00049506
2022-01-24 22:32:51.660[1643059971660] | DEBUG | OkHttp https://testnet.binance.vision/... | c.l.b.s.BuyOnPercentageDecreaseInTimeframeAndSetLimitOrderStrategy - shouldBuy = false
2022-01-24 22:32:51.660[1643059971660] | DEBUG | OkHttp https://testnet.binance.vision/... | c.l.b.s.BuyOnPercentageDecreaseInTimeframeAndSetLimitOrderStrategy - latestPrice = 36946.73000000
2022-01-24 22:32:51.660[1643059971660] | DEBUG | OkHttp https://testnet.binance.vision/... | c.l.b.s.BuyOnPercentageDecreaseInTimeframeAndSetLimitOrderStrategy - maxPrice = 36964.99000000
2022-01-24 22:32:51.661[1643059971661] | DEBUG | OkHttp https://testnet.binance.vision/... | c.l.b.s.BuyOnPercentageDecreaseInTimeframeAndSetLimitOrderStrategy - priceDecreaseRatio = 0.00049398
2022-01-24 22:32:51.661[1643059971661] | DEBUG | OkHttp https://testnet.binance.vision/... | c.l.b.s.BuyOnPercentageDecreaseInTimeframeAndSetLimitOrderStrategy - shouldBuy = false
2022-01-24 22:32:51.661[1643059971661] | DEBUG | OkHttp https://testnet.binance.vision/... | c.l.b.s.BuyOnPercentageDecreaseInTimeframeAndSetLimitOrderStrategy - latestPrice = 36964.99000000
2022-01-24 22:32:51.661[1643059971661] | DEBUG | OkHttp https://testnet.binance.vision/... | c.l.b.s.BuyOnPercentageDecreaseInTimeframeAndSetLimitOrderStrategy - maxPrice = 36964.99000000
2022-01-24 22:32:51.661[1643059971661] | DEBUG | OkHttp https://testnet.binance.vision/... | c.l.b.s.BuyOnPercentageDecreaseInTimeframeAndSetLimitOrderStrategy - priceDecreaseRatio = 0.00000000
2022-01-24 22:32:51.661[1643059971661] | DEBUG | OkHttp https://testnet.binance.vision/... | c.l.b.s.BuyOnPercentageDecreaseInTimeframeAndSetLimitOrderStrategy - shouldBuy = false
2022-01-24 22:32:51.672[1643059971672] | DEBUG | OkHttp https://testnet.binance.vision/... | c.l.b.s.BuyOnPercentageDecreaseInTimeframeAndSetLimitOrderStrategy - latestPrice = 36947.34000000
2022-01-24 22:32:51.672[1643059971672] | DEBUG | OkHttp https://testnet.binance.vision/... | c.l.b.s.BuyOnPercentageDecreaseInTimeframeAndSetLimitOrderStrategy - maxPrice = 36964.99000000
2022-01-24 22:32:51.673[1643059971673] | DEBUG | OkHttp https://testnet.binance.vision/... | c.l.b.s.BuyOnPercentageDecreaseInTimeframeAndSetLimitOrderStrategy - priceDecreaseRatio = 0.00047748
2022-01-24 22:32:51.673[1643059971673] | DEBUG | OkHttp https://testnet.binance.vision/... | c.l.b.s.BuyOnPercentageDecreaseInTimeframeAndSetLimitOrderStrategy - shouldBuy = false
2022-01-24 22:32:52.659[1643059972659] | DEBUG | OkHttp https://testnet.binance.vision/... | c.l.b.s.BuyOnPercentageDecreaseInTimeframeAndSetLimitOrderStrategy - latestPrice = 36947.34000000
2022-01-24 22:32:52.659[1643059972659] | DEBUG | OkHttp https://testnet.binance.vision/... | c.l.b.s.BuyOnPercentageDecreaseInTimeframeAndSetLimitOrderStrategy - maxPrice = 36964.99000000
2022-01-24 22:32:52.659[1643059972659] | DEBUG | OkHttp https://testnet.binance.vision/... | c.l.b.s.BuyOnPercentageDecreaseInTimeframeAndSetLimitOrderStrategy - priceDecreaseRatio = 0.00047748
2022-01-24 22:32:52.660[1643059972660] | DEBUG | OkHttp https://testnet.binance.vision/... | c.l.b.s.BuyOnPercentageDecreaseInTimeframeAndSetLimitOrderStrategy - shouldBuy = false
2022-01-24 22:32:52.660[1643059972660] | DEBUG | OkHttp https://testnet.binance.vision/... | c.l.b.s.BuyOnPercentageDecreaseInTimeframeAndSetLimitOrderStrategy - latestPrice = 36947.34000000
2022-01-24 22:32:52.660[1643059972660] | DEBUG | OkHttp https://testnet.binance.vision/... | c.l.b.s.BuyOnPercentageDecreaseInTimeframeAndSetLimitOrderStrategy - maxPrice = 36964.99000000
2022-01-24 22:32:52.660[1643059972660] | DEBUG | OkHttp https://testnet.binance.vision/... | c.l.b.s.BuyOnPercentageDecreaseInTimeframeAndSetLimitOrderStrategy - priceDecreaseRatio = 0.00047748
2022-01-24 22:32:52.660[1643059972660] | DEBUG | OkHttp https://testnet.binance.vision/... | c.l.b.s.BuyOnPercentageDecreaseInTimeframeAndSetLimitOrderStrategy - shouldBuy = false
2022-01-24 22:32:52.661[1643059972661] | DEBUG | OkHttp https://testnet.binance.vision/... | c.l.b.s.BuyOnPercentageDecreaseInTimeframeAndSetLimitOrderStrategy - latestPrice = 36937.94000000
2022-01-24 22:32:52.661[1643059972661] | DEBUG | OkHttp https://testnet.binance.vision/... | c.l.b.s.BuyOnPercentageDecreaseInTimeframeAndSetLimitOrderStrategy - maxPrice = 36964.99000000
2022-01-24 22:32:52.661[1643059972661] | DEBUG | OkHttp https://testnet.binance.vision/... | c.l.b.s.BuyOnPercentageDecreaseInTimeframeAndSetLimitOrderStrategy - priceDecreaseRatio = 0.00073177
2022-01-24 22:32:52.661[1643059972661] | DEBUG | OkHttp https://testnet.binance.vision/... | c.l.b.s.BuyOnPercentageDecreaseInTimeframeAndSetLimitOrderStrategy - shouldBuy = false
2022-01-24 22:32:54.604[1643059974604] | DEBUG | OkHttp https://testnet.binance.vision/... | c.l.b.s.BuyOnPercentageDecreaseInTimeframeAndSetLimitOrderStrategy - latestPrice = 36937.94000000
2022-01-24 22:32:54.604[1643059974604] | DEBUG | OkHttp https://testnet.binance.vision/... | c.l.b.s.BuyOnPercentageDecreaseInTimeframeAndSetLimitOrderStrategy - maxPrice = 36964.99000000
2022-01-24 22:32:54.604[1643059974604] | DEBUG | OkHttp https://testnet.binance.vision/... | c.l.b.s.BuyOnPercentageDecreaseInTimeframeAndSetLimitOrderStrategy - priceDecreaseRatio = 0.00073177
2022-01-24 22:32:54.604[1643059974604] | DEBUG | OkHttp https://testnet.binance.vision/... | c.l.b.s.BuyOnPercentageDecreaseInTimeframeAndSetLimitOrderStrategy - shouldBuy = false
2022-01-24 22:32:54.614[1643059974614] | DEBUG | OkHttp https://testnet.binance.vision/... | c.l.b.s.BuyOnPercentageDecreaseInTimeframeAndSetLimitOrderStrategy - latestPrice = 36937.98000000
2022-01-24 22:32:54.614[1643059974614] | DEBUG | OkHttp https://testnet.binance.vision/... | c.l.b.s.BuyOnPercentageDecreaseInTimeframeAndSetLimitOrderStrategy - maxPrice = 36964.99000000
2022-01-24 22:32:54.614[1643059974614] | DEBUG | OkHttp https://testnet.binance.vision/... | c.l.b.s.BuyOnPercentageDecreaseInTimeframeAndSetLimitOrderStrategy - priceDecreaseRatio = 0.00073069
2022-01-24 22:32:54.614[1643059974614] | DEBUG | OkHttp https://testnet.binance.vision/... | c.l.b.s.BuyOnPercentageDecreaseInTimeframeAndSetLimitOrderStrategy - shouldBuy = false
2022-01-24 22:32:54.642[1643059974642] | DEBUG | OkHttp https://testnet.binance.vision/... | c.l.b.s.BuyOnPercentageDecreaseInTimeframeAndSetLimitOrderStrategy - latestPrice = 36941.00000000
2022-01-24 22:32:54.643[1643059974643] | DEBUG | OkHttp https://testnet.binance.vision/... | c.l.b.s.BuyOnPercentageDecreaseInTimeframeAndSetLimitOrderStrategy - maxPrice = 36964.99000000
2022-01-24 22:32:54.643[1643059974643] | DEBUG | OkHttp https://testnet.binance.vision/... | c.l.b.s.BuyOnPercentageDecreaseInTimeframeAndSetLimitOrderStrategy - priceDecreaseRatio = 0.00064899
2022-01-24 22:32:54.643[1643059974643] | DEBUG | OkHttp https://testnet.binance.vision/... | c.l.b.s.BuyOnPercentageDecreaseInTimeframeAndSetLimitOrderStrategy - shouldBuy = false
2022-01-24 22:32:54.651[1643059974651] | DEBUG | OkHttp https://testnet.binance.vision/... | c.l.b.s.BuyOnPercentageDecreaseInTimeframeAndSetLimitOrderStrategy - latestPrice = 36938.97000000
2022-01-24 22:32:54.651[1643059974651] | DEBUG | OkHttp https://testnet.binance.vision/... | c.l.b.s.BuyOnPercentageDecreaseInTimeframeAndSetLimitOrderStrategy - maxPrice = 36964.99000000
2022-01-24 22:32:54.651[1643059974651] | DEBUG | OkHttp https://testnet.binance.vision/... | c.l.b.s.BuyOnPercentageDecreaseInTimeframeAndSetLimitOrderStrategy - priceDecreaseRatio = 0.00070391
2022-01-24 22:32:54.651[1643059974651] | DEBUG | OkHttp https://testnet.binance.vision/... | c.l.b.s.BuyOnPercentageDecreaseInTimeframeAndSetLimitOrderStrategy - shouldBuy = false
2022-01-24 22:32:55.670[1643059975670] | DEBUG | OkHttp https://testnet.binance.vision/... | c.l.b.s.BuyOnPercentageDecreaseInTimeframeAndSetLimitOrderStrategy - latestPrice = 36938.97000000
2022-01-24 22:32:55.670[1643059975670] | DEBUG | OkHttp https://testnet.binance.vision/... | c.l.b.s.BuyOnPercentageDecreaseInTimeframeAndSetLimitOrderStrategy - maxPrice = 36964.99000000
2022-01-24 22:32:55.670[1643059975670] | DEBUG | OkHttp https://testnet.binance.vision/... | c.l.b.s.BuyOnPercentageDecreaseInTimeframeAndSetLimitOrderStrategy - priceDecreaseRatio = 0.00070391
2022-01-24 22:32:55.670[1643059975670] | DEBUG | OkHttp https://testnet.binance.vision/... | c.l.b.s.BuyOnPercentageDecreaseInTimeframeAndSetLimitOrderStrategy - shouldBuy = false
2022-01-24 22:32:55.671[1643059975671] | DEBUG | OkHttp https://testnet.binance.vision/... | c.l.b.s.BuyOnPercentageDecreaseInTimeframeAndSetLimitOrderStrategy - latestPrice = 36941.69000000
2022-01-24 22:32:55.671[1643059975671] | DEBUG | OkHttp https://testnet.binance.vision/... | c.l.b.s.BuyOnPercentageDecreaseInTimeframeAndSetLimitOrderStrategy - maxPrice = 36964.99000000
2022-01-24 22:32:55.671[1643059975671] | DEBUG | OkHttp https://testnet.binance.vision/... | c.l.b.s.BuyOnPercentageDecreaseInTimeframeAndSetLimitOrderStrategy - priceDecreaseRatio = 0.00063033
2022-01-24 22:32:55.671[1643059975671] | DEBUG | OkHttp https://testnet.binance.vision/... | c.l.b.s.BuyOnPercentageDecreaseInTimeframeAndSetLimitOrderStrategy - shouldBuy = false
2022-01-24 22:32:55.671[1643059975671] | DEBUG | OkHttp https://testnet.binance.vision/... | c.l.b.s.BuyOnPercentageDecreaseInTimeframeAndSetLimitOrderStrategy - latestPrice = 36947.34000000
2022-01-24 22:32:55.672[1643059975672] | DEBUG | OkHttp https://testnet.binance.vision/... | c.l.b.s.BuyOnPercentageDecreaseInTimeframeAndSetLimitOrderStrategy - maxPrice = 36964.99000000
2022-01-24 22:32:55.672[1643059975672] | DEBUG | OkHttp https://testnet.binance.vision/... | c.l.b.s.BuyOnPercentageDecreaseInTimeframeAndSetLimitOrderStrategy - priceDecreaseRatio = 0.00047748
2022-01-24 22:32:55.672[1643059975672] | DEBUG | OkHttp https://testnet.binance.vision/... | c.l.b.s.BuyOnPercentageDecreaseInTimeframeAndSetLimitOrderStrategy - shouldBuy = false
2022-01-24 22:32:55.672[1643059975672] | DEBUG | OkHttp https://testnet.binance.vision/... | c.l.b.s.BuyOnPercentageDecreaseInTimeframeAndSetLimitOrderStrategy - latestPrice = 36945.80000000
2022-01-24 22:32:55.672[1643059975672] | DEBUG | OkHttp https://testnet.binance.vision/... | c.l.b.s.BuyOnPercentageDecreaseInTimeframeAndSetLimitOrderStrategy - maxPrice = 36964.99000000
2022-01-24 22:32:55.672[1643059975672] | DEBUG | OkHttp https://testnet.binance.vision/... | c.l.b.s.BuyOnPercentageDecreaseInTimeframeAndSetLimitOrderStrategy - priceDecreaseRatio = 0.00051914
2022-01-24 22:32:55.672[1643059975672] | DEBUG | OkHttp https://testnet.binance.vision/... | c.l.b.s.BuyOnPercentageDecreaseInTimeframeAndSetLimitOrderStrategy - shouldBuy = false
2022-01-24 22:32:56.673[1643059976673] | DEBUG | OkHttp https://testnet.binance.vision/... | c.l.b.s.BuyOnPercentageDecreaseInTimeframeAndSetLimitOrderStrategy - latestPrice = 36945.80000000
2022-01-24 22:32:56.674[1643059976674] | DEBUG | OkHttp https://testnet.binance.vision/... | c.l.b.s.BuyOnPercentageDecreaseInTimeframeAndSetLimitOrderStrategy - maxPrice = 36964.99000000
2022-01-24 22:32:56.674[1643059976674] | DEBUG | OkHttp https://testnet.binance.vision/... | c.l.b.s.BuyOnPercentageDecreaseInTimeframeAndSetLimitOrderStrategy - priceDecreaseRatio = 0.00051914
2022-01-24 22:32:56.674[1643059976674] | DEBUG | OkHttp https://testnet.binance.vision/... | c.l.b.s.BuyOnPercentageDecreaseInTimeframeAndSetLimitOrderStrategy - shouldBuy = false
2022-01-24 22:32:56.674[1643059976674] | DEBUG | OkHttp https://testnet.binance.vision/... | c.l.b.s.BuyOnPercentageDecreaseInTimeframeAndSetLimitOrderStrategy - latestPrice = 36945.04000000
2022-01-24 22:32:56.675[1643059976675] | DEBUG | OkHttp https://testnet.binance.vision/... | c.l.b.s.BuyOnPercentageDecreaseInTimeframeAndSetLimitOrderStrategy - maxPrice = 36964.99000000
2022-01-24 22:32:56.675[1643059976675] | DEBUG | OkHttp https://testnet.binance.vision/... | c.l.b.s.BuyOnPercentageDecreaseInTimeframeAndSetLimitOrderStrategy - priceDecreaseRatio = 0.00053970
2022-01-24 22:32:56.675[1643059976675] | DEBUG | OkHttp https://testnet.binance.vision/... | c.l.b.s.BuyOnPercentageDecreaseInTimeframeAndSetLimitOrderStrategy - shouldBuy = false
2022-01-24 22:32:57.677[1643059977677] | DEBUG | OkHttp https://testnet.binance.vision/... | c.l.b.s.BuyOnPercentageDecreaseInTimeframeAndSetLimitOrderStrategy - latestPrice = 36945.04000000
2022-01-24 22:32:57.677[1643059977677] | DEBUG | OkHttp https://testnet.binance.vision/... | c.l.b.s.BuyOnPercentageDecreaseInTimeframeAndSetLimitOrderStrategy - maxPrice = 36964.99000000
2022-01-24 22:32:57.677[1643059977677] | DEBUG | OkHttp https://testnet.binance.vision/... | c.l.b.s.BuyOnPercentageDecreaseInTimeframeAndSetLimitOrderStrategy - priceDecreaseRatio = 0.00053970
2022-01-24 22:32:57.677[1643059977677] | DEBUG | OkHttp https://testnet.binance.vision/... | c.l.b.s.BuyOnPercentageDecreaseInTimeframeAndSetLimitOrderStrategy - shouldBuy = false
2022-01-24 22:32:57.678[1643059977678] | DEBUG | OkHttp https://testnet.binance.vision/... | c.l.b.s.BuyOnPercentageDecreaseInTimeframeAndSetLimitOrderStrategy - latestPrice = 36945.05000000
2022-01-24 22:32:57.678[1643059977678] | DEBUG | OkHttp https://testnet.binance.vision/... | c.l.b.s.BuyOnPercentageDecreaseInTimeframeAndSetLimitOrderStrategy - maxPrice = 36964.99000000
2022-01-24 22:32:57.678[1643059977678] | DEBUG | OkHttp https://testnet.binance.vision/... | c.l.b.s.BuyOnPercentageDecreaseInTimeframeAndSetLimitOrderStrategy - priceDecreaseRatio = 0.00053943
2022-01-24 22:32:57.678[1643059977678] | DEBUG | OkHttp https://testnet.binance.vision/... | c.l.b.s.BuyOnPercentageDecreaseInTimeframeAndSetLimitOrderStrategy - shouldBuy = false
2022-01-24 22:32:57.679[1643059977679] | DEBUG | OkHttp https://testnet.binance.vision/... | c.l.b.s.BuyOnPercentageDecreaseInTimeframeAndSetLimitOrderStrategy - latestPrice = 36945.05000000
2022-01-24 22:32:57.679[1643059977679] | DEBUG | OkHttp https://testnet.binance.vision/... | c.l.b.s.BuyOnPercentageDecreaseInTimeframeAndSetLimitOrderStrategy - maxPrice = 36964.99000000
2022-01-24 22:32:57.679[1643059977679] | DEBUG | OkHttp https://testnet.binance.vision/... | c.l.b.s.BuyOnPercentageDecreaseInTimeframeAndSetLimitOrderStrategy - priceDecreaseRatio = 0.00053943
2022-01-24 22:32:57.679[1643059977679] | DEBUG | OkHttp https://testnet.binance.vision/... | c.l.b.s.BuyOnPercentageDecreaseInTimeframeAndSetLimitOrderStrategy - shouldBuy = false
2022-01-24 22:32:57.679[1643059977679] | DEBUG | OkHttp https://testnet.binance.vision/... | c.l.b.s.BuyOnPercentageDecreaseInTimeframeAndSetLimitOrderStrategy - latestPrice = 36945.05000000
2022-01-24 22:32:57.680[1643059977680] | DEBUG | OkHttp https://testnet.binance.vision/... | c.l.b.s.BuyOnPercentageDecreaseInTimeframeAndSetLimitOrderStrategy - maxPrice = 36964.99000000
2022-01-24 22:32:57.680[1643059977680] | DEBUG | OkHttp https://testnet.binance.vision/... | c.l.b.s.BuyOnPercentageDecreaseInTimeframeAndSetLimitOrderStrategy - priceDecreaseRatio = 0.00053943
2022-01-24 22:32:57.680[1643059977680] | DEBUG | OkHttp https://testnet.binance.vision/... | c.l.b.s.BuyOnPercentageDecreaseInTimeframeAndSetLimitOrderStrategy - shouldBuy = false
2022-01-24 22:32:57.680[1643059977680] | DEBUG | OkHttp https://testnet.binance.vision/... | c.l.b.s.BuyOnPercentageDecreaseInTimeframeAndSetLimitOrderStrategy - latestPrice = 36945.80000000
2022-01-24 22:32:57.680[1643059977680] | DEBUG | OkHttp https://testnet.binance.vision/... | c.l.b.s.BuyOnPercentageDecreaseInTimeframeAndSetLimitOrderStrategy - maxPrice = 36964.99000000
2022-01-24 22:32:57.680[1643059977680] | DEBUG | OkHttp https://testnet.binance.vision/... | c.l.b.s.BuyOnPercentageDecreaseInTimeframeAndSetLimitOrderStrategy - priceDecreaseRatio = 0.00051914
2022-01-24 22:32:57.680[1643059977680] | DEBUG | OkHttp https://testnet.binance.vision/... | c.l.b.s.BuyOnPercentageDecreaseInTimeframeAndSetLimitOrderStrategy - shouldBuy = false
2022-01-24 22:32:57.681[1643059977681] | DEBUG | OkHttp https://testnet.binance.vision/... | c.l.b.s.BuyOnPercentageDecreaseInTimeframeAndSetLimitOrderStrategy - latestPrice = 36946.69000000
2022-01-24 22:32:57.681[1643059977681] | DEBUG | OkHttp https://testnet.binance.vision/... | c.l.b.s.BuyOnPercentageDecreaseInTimeframeAndSetLimitOrderStrategy - maxPrice = 36964.99000000
2022-01-24 22:32:57.681[1643059977681] | DEBUG | OkHttp https://testnet.binance.vision/... | c.l.b.s.BuyOnPercentageDecreaseInTimeframeAndSetLimitOrderStrategy - priceDecreaseRatio = 0.00049506
2022-01-24 22:32:57.681[1643059977681] | DEBUG | OkHttp https://testnet.binance.vision/... | c.l.b.s.BuyOnPercentageDecreaseInTimeframeAndSetLimitOrderStrategy - shouldBuy = false
2022-01-24 22:32:57.681[1643059977681] | DEBUG | OkHttp https://testnet.binance.vision/... | c.l.b.s.BuyOnPercentageDecreaseInTimeframeAndSetLimitOrderStrategy - latestPrice = 36964.99000000
2022-01-24 22:32:57.681[1643059977681] | DEBUG | OkHttp https://testnet.binance.vision/... | c.l.b.s.BuyOnPercentageDecreaseInTimeframeAndSetLimitOrderStrategy - maxPrice = 36964.99000000
2022-01-24 22:32:57.681[1643059977681] | DEBUG | OkHttp https://testnet.binance.vision/... | c.l.b.s.BuyOnPercentageDecreaseInTimeframeAndSetLimitOrderStrategy - priceDecreaseRatio = 0.00000000
2022-01-24 22:32:57.681[1643059977681] | DEBUG | OkHttp https://testnet.binance.vision/... | c.l.b.s.BuyOnPercentageDecreaseInTimeframeAndSetLimitOrderStrategy - shouldBuy = false
2022-01-24 22:32:57.682[1643059977682] | DEBUG | OkHttp https://testnet.binance.vision/... | c.l.b.s.BuyOnPercentageDecreaseInTimeframeAndSetLimitOrderStrategy - latestPrice = 36954.15000000
2022-01-24 22:32:57.682[1643059977682] | DEBUG | OkHttp https://testnet.binance.vision/... | c.l.b.s.BuyOnPercentageDecreaseInTimeframeAndSetLimitOrderStrategy - maxPrice = 36964.99000000
2022-01-24 22:32:57.682[1643059977682] | DEBUG | OkHttp https://testnet.binance.vision/... | c.l.b.s.BuyOnPercentageDecreaseInTimeframeAndSetLimitOrderStrategy - priceDecreaseRatio = 0.00029325
2022-01-24 22:32:57.682[1643059977682] | DEBUG | OkHttp https://testnet.binance.vision/... | c.l.b.s.BuyOnPercentageDecreaseInTimeframeAndSetLimitOrderStrategy - shouldBuy = false
2022-01-24 22:32:58.680[1643059978680] | DEBUG | OkHttp https://testnet.binance.vision/... | c.l.b.s.BuyOnPercentageDecreaseInTimeframeAndSetLimitOrderStrategy - latestPrice = 36954.15000000
2022-01-24 22:32:58.680[1643059978680] | DEBUG | OkHttp https://testnet.binance.vision/... | c.l.b.s.BuyOnPercentageDecreaseInTimeframeAndSetLimitOrderStrategy - maxPrice = 36964.99000000
2022-01-24 22:32:58.680[1643059978680] | DEBUG | OkHttp https://testnet.binance.vision/... | c.l.b.s.BuyOnPercentageDecreaseInTimeframeAndSetLimitOrderStrategy - priceDecreaseRatio = 0.00029325
2022-01-24 22:32:58.680[1643059978680] | DEBUG | OkHttp https://testnet.binance.vision/... | c.l.b.s.BuyOnPercentageDecreaseInTimeframeAndSetLimitOrderStrategy - shouldBuy = false
2022-01-24 22:32:58.681[1643059978681] | DEBUG | OkHttp https://testnet.binance.vision/... | c.l.b.s.BuyOnPercentageDecreaseInTimeframeAndSetLimitOrderStrategy - latestPrice = 36954.65000000
2022-01-24 22:32:58.681[1643059978681] | DEBUG | OkHttp https://testnet.binance.vision/... | c.l.b.s.BuyOnPercentageDecreaseInTimeframeAndSetLimitOrderStrategy - maxPrice = 36964.99000000
2022-01-24 22:32:58.681[1643059978681] | DEBUG | OkHttp https://testnet.binance.vision/... | c.l.b.s.BuyOnPercentageDecreaseInTimeframeAndSetLimitOrderStrategy - priceDecreaseRatio = 0.00027972
2022-01-24 22:32:58.681[1643059978681] | DEBUG | OkHttp https://testnet.binance.vision/... | c.l.b.s.BuyOnPercentageDecreaseInTimeframeAndSetLimitOrderStrategy - shouldBuy = false
2022-01-24 22:32:58.682[1643059978682] | DEBUG | OkHttp https://testnet.binance.vision/... | c.l.b.s.BuyOnPercentageDecreaseInTimeframeAndSetLimitOrderStrategy - latestPrice = 36964.99000000
2022-01-24 22:32:58.682[1643059978682] | DEBUG | OkHttp https://testnet.binance.vision/... | c.l.b.s.BuyOnPercentageDecreaseInTimeframeAndSetLimitOrderStrategy - maxPrice = 36964.99000000
2022-01-24 22:32:58.682[1643059978682] | DEBUG | OkHttp https://testnet.binance.vision/... | c.l.b.s.BuyOnPercentageDecreaseInTimeframeAndSetLimitOrderStrategy - priceDecreaseRatio = 0.00000000
2022-01-24 22:32:58.682[1643059978682] | DEBUG | OkHttp https://testnet.binance.vision/... | c.l.b.s.BuyOnPercentageDecreaseInTimeframeAndSetLimitOrderStrategy - shouldBuy = false
2022-01-24 22:32:58.682[1643059978682] | DEBUG | OkHttp https://testnet.binance.vision/... | c.l.b.s.BuyOnPercentageDecreaseInTimeframeAndSetLimitOrderStrategy - latestPrice = 36958.32000000
2022-01-24 22:32:58.683[1643059978683] | DEBUG | OkHttp https://testnet.binance.vision/... | c.l.b.s.BuyOnPercentageDecreaseInTimeframeAndSetLimitOrderStrategy - maxPrice = 36964.99000000
2022-01-24 22:32:58.683[1643059978683] | DEBUG | OkHttp https://testnet.binance.vision/... | c.l.b.s.BuyOnPercentageDecreaseInTimeframeAndSetLimitOrderStrategy - priceDecreaseRatio = 0.00018044
2022-01-24 22:32:58.683[1643059978683] | DEBUG | OkHttp https://testnet.binance.vision/... | c.l.b.s.BuyOnPercentageDecreaseInTimeframeAndSetLimitOrderStrategy - shouldBuy = false
